[24-07-17 16:53:10-INFO] Namespace(bs=32, lr=0.001, epochs=180, num_workers=1, num_classes=7, train_type='resnext50', rank=8, vit='large_clip', subset=None, kfold=None)
[24-07-17 16:55:45-INFO] 

EPOCH: 1, LOSS : 1.583, LR: 1.00e-03
[24-07-17 16:55:45-INFO] ACC: 0.831, TIME: 155.2s
[24-07-17 16:55:45-INFO] 
|dataset | ACC | SEN | SPE | PRE | F1  |
| TRAIN  |0.831|0.034|0.998|0.035|0.034|
[24-07-17 16:56:48-INFO] ACC: 0.792, TIME: 62.5s
[24-07-17 16:56:48-INFO] 
|dataset | ACC | SEN | SPE | PRE | F1  |
|  VAL   |0.792|0.304|0.973|0.325|0.298|
[24-07-17 16:57:51-INFO] ACC: 0.833, TIME: 63.5s
[24-07-17 16:57:51-INFO] 
|dataset | ACC | SEN | SPE | PRE | F1  |
|  TEST  |0.833|0.296|0.981|0.363|0.312|
[24-07-17 16:57:51-INFO] BEST VAL: 0.792, TEST: 0.000, EPOCH:   1
[24-07-17 17:00:26-INFO] 

EPOCH: 2, LOSS : 1.365, LR: 1.00e-03
[24-07-17 17:00:26-INFO] ACC: 0.891, TIME: 155.0s
[24-07-17 17:00:26-INFO] 
|dataset | ACC | SEN | SPE | PRE | F1  |
| TRAIN  |0.891|0.297|0.990|0.350|0.302|
[24-07-17 17:01:30-INFO] ACC: 0.923, TIME: 63.7s
[24-07-17 17:01:30-INFO] 
|dataset | ACC | SEN | SPE | PRE | F1  |
|  VAL   |0.923|0.486|0.989|0.467|0.476|
[24-07-17 17:02:35-INFO] ACC: 0.946, TIME: 64.7s
[24-07-17 17:02:35-INFO] 
|dataset | ACC | SEN | SPE | PRE | F1  |
|  TEST  |0.946|0.398|0.994|0.392|0.395|
[24-07-17 17:02:35-INFO] BEST VAL: 0.923, TEST: 0.000, EPOCH:   2
[24-07-17 17:05:12-INFO] 

EPOCH: 3, LOSS : 1.342, LR: 1.00e-03
[24-07-17 17:05:12-INFO] ACC: 0.897, TIME: 157.2s
[24-07-17 17:05:12-INFO] 
|dataset | ACC | SEN | SPE | PRE | F1  |
| TRAIN  |0.897|0.306|0.991|0.385|0.315|
[24-07-17 17:06:15-INFO] ACC: 0.902, TIME: 62.7s
[24-07-17 17:06:15-INFO] 
|dataset | ACC | SEN | SPE | PRE | F1  |
|  VAL   |0.902|0.461|0.987|0.462|0.457|
[24-07-17 17:08:49-INFO] 

EPOCH: 4, LOSS : 1.307, LR: 9.99e-04
[24-07-17 17:08:49-INFO] ACC: 0.907, TIME: 154.8s
[24-07-17 17:08:49-INFO] 
|dataset | ACC | SEN | SPE | PRE | F1  |
| TRAIN  |0.907|0.341|0.992|0.434|0.362|
[24-07-17 17:09:52-INFO] ACC: 0.913, TIME: 62.5s
[24-07-17 17:09:52-INFO] 
|dataset | ACC | SEN | SPE | PRE | F1  |
|  VAL   |0.913|0.493|0.987|0.563|0.504|
[24-07-17 17:12:27-INFO] 

EPOCH: 5, LOSS : 1.289, LR: 9.99e-04
[24-07-17 17:12:27-INFO] ACC: 0.912, TIME: 155.1s
[24-07-17 17:12:27-INFO] 
|dataset | ACC | SEN | SPE | PRE | F1  |
| TRAIN  |0.912|0.366|0.992|0.440|0.390|
[24-07-17 17:13:30-INFO] ACC: 0.929, TIME: 62.7s
[24-07-17 17:13:30-INFO] 
|dataset | ACC | SEN | SPE | PRE | F1  |
|  VAL   |0.929|0.731|0.990|0.703|0.691|
[24-07-17 17:14:33-INFO] ACC: 0.949, TIME: 63.3s
[24-07-17 17:14:33-INFO] 
|dataset | ACC | SEN | SPE | PRE | F1  |
|  TEST  |0.949|0.560|0.994|0.610|0.565|
[24-07-17 17:14:33-INFO] BEST VAL: 0.929, TEST: 0.000, EPOCH:   5
[24-07-17 17:17:08-INFO] 

EPOCH: 6, LOSS : 1.276, LR: 9.98e-04
[24-07-17 17:17:08-INFO] ACC: 0.917, TIME: 154.7s
[24-07-17 17:17:08-INFO] 
|dataset | ACC | SEN | SPE | PRE | F1  |
| TRAIN  |0.917|0.393|0.993|0.493|0.420|
[24-07-17 17:18:10-INFO] ACC: 0.945, TIME: 62.6s
[24-07-17 17:18:10-INFO] 
|dataset | ACC | SEN | SPE | PRE | F1  |
|  VAL   |0.945|0.758|0.992|0.732|0.735|
[24-07-17 17:19:14-INFO] ACC: 0.944, TIME: 63.3s
[24-07-17 17:19:14-INFO] 
|dataset | ACC | SEN | SPE | PRE | F1  |
|  TEST  |0.944|0.586|0.994|0.621|0.570|
[24-07-17 17:19:14-INFO] BEST VAL: 0.945, TEST: 0.000, EPOCH:   6
[24-07-17 17:21:48-INFO] 

EPOCH: 7, LOSS : 1.264, LR: 9.97e-04
[24-07-17 17:21:48-INFO] ACC: 0.920, TIME: 154.7s
[24-07-17 17:21:48-INFO] 
|dataset | ACC | SEN | SPE | PRE | F1  |
| TRAIN  |0.920|0.408|0.993|0.568|0.438|
[24-07-17 17:22:51-INFO] ACC: 0.945, TIME: 62.4s
[24-07-17 17:22:51-INFO] 
|dataset | ACC | SEN | SPE | PRE | F1  |
|  VAL   |0.945|0.758|0.992|0.775|0.765|
[24-07-17 17:25:26-INFO] 

EPOCH: 8, LOSS : 1.259, LR: 9.96e-04
[24-07-17 17:25:26-INFO] ACC: 0.920, TIME: 154.7s
[24-07-17 17:25:26-INFO] 
|dataset | ACC | SEN | SPE | PRE | F1  |
| TRAIN  |0.920|0.420|0.993|0.514|0.448|
[24-07-17 17:26:28-INFO] ACC: 0.956, TIME: 62.9s
[24-07-17 17:26:28-INFO] 
|dataset | ACC | SEN | SPE | PRE | F1  |
|  VAL   |0.956|0.783|0.993|0.737|0.751|
[24-07-17 17:27:32-INFO] ACC: 0.946, TIME: 63.3s
[24-07-17 17:27:32-INFO] 
|dataset | ACC | SEN | SPE | PRE | F1  |
|  TEST  |0.946|0.511|0.994|0.468|0.481|
[24-07-17 17:27:32-INFO] BEST VAL: 0.956, TEST: 0.000, EPOCH:   8
[24-07-17 17:30:07-INFO] 

EPOCH: 9, LOSS : 1.252, LR: 9.95e-04
[24-07-17 17:30:07-INFO] ACC: 0.924, TIME: 155.2s
[24-07-17 17:30:07-INFO] 
|dataset | ACC | SEN | SPE | PRE | F1  |
| TRAIN  |0.924|0.421|0.993|0.551|0.455|
[24-07-17 17:31:10-INFO] ACC: 0.934, TIME: 62.5s
[24-07-17 17:31:10-INFO] 
|dataset | ACC | SEN | SPE | PRE | F1  |
|  VAL   |0.934|0.685|0.991|0.603|0.617|
[24-07-17 17:33:44-INFO] 

EPOCH: 10, LOSS : 1.239, LR: 9.94e-04
[24-07-17 17:33:44-INFO] ACC: 0.928, TIME: 154.9s
[24-07-17 17:33:44-INFO] 
|dataset | ACC | SEN | SPE | PRE | F1  |
| TRAIN  |0.928|0.437|0.994|0.590|0.476|
[24-07-17 17:34:47-INFO] ACC: 0.940, TIME: 62.6s
[24-07-17 17:34:47-INFO] 
|dataset | ACC | SEN | SPE | PRE | F1  |
|  VAL   |0.940|0.728|0.992|0.710|0.693|
[24-07-17 17:37:22-INFO] 

EPOCH: 11, LOSS : 1.238, LR: 9.92e-04
[24-07-17 17:37:22-INFO] ACC: 0.927, TIME: 154.8s
[24-07-17 17:37:22-INFO] 
|dataset | ACC | SEN | SPE | PRE | F1  |
| TRAIN  |0.927|0.433|0.993|0.524|0.461|
[24-07-17 17:38:24-INFO] ACC: 0.962, TIME: 62.5s
[24-07-17 17:38:24-INFO] 
|dataset | ACC | SEN | SPE | PRE | F1  |
|  VAL   |0.962|0.772|0.995|0.837|0.771|
[24-07-17 17:39:28-INFO] ACC: 0.953, TIME: 63.5s
[24-07-17 17:39:28-INFO] 
|dataset | ACC | SEN | SPE | PRE | F1  |
|  TEST  |0.953|0.595|0.995|0.655|0.613|
[24-07-17 17:39:28-INFO] BEST VAL: 0.962, TEST: 0.000, EPOCH:  11
[24-07-17 17:42:03-INFO] 

EPOCH: 12, LOSS : 1.223, LR: 9.91e-04
[24-07-17 17:42:03-INFO] ACC: 0.934, TIME: 155.0s
[24-07-17 17:42:03-INFO] 
|dataset | ACC | SEN | SPE | PRE | F1  |
| TRAIN  |0.934|0.462|0.994|0.656|0.500|
[24-07-17 17:43:06-INFO] ACC: 0.945, TIME: 62.7s
[24-07-17 17:43:06-INFO] 
|dataset | ACC | SEN | SPE | PRE | F1  |
|  VAL   |0.945|0.661|0.992|0.779|0.693|
[24-07-17 17:45:40-INFO] 

EPOCH: 13, LOSS : 1.216, LR: 9.89e-04
[24-07-17 17:45:40-INFO] ACC: 0.934, TIME: 154.0s
[24-07-17 17:45:40-INFO] 
|dataset | ACC | SEN | SPE | PRE | F1  |
| TRAIN  |0.934|0.484|0.994|0.615|0.523|
[24-07-17 17:46:42-INFO] ACC: 0.929, TIME: 62.7s
[24-07-17 17:46:42-INFO] 
|dataset | ACC | SEN | SPE | PRE | F1  |
|  VAL   |0.929|0.628|0.990|0.665|0.638|
[24-07-17 17:49:17-INFO] 

EPOCH: 14, LOSS : 1.217, LR: 9.87e-04
[24-07-17 17:49:17-INFO] ACC: 0.933, TIME: 154.5s
[24-07-17 17:49:17-INFO] 
|dataset | ACC | SEN | SPE | PRE | F1  |
| TRAIN  |0.933|0.477|0.994|0.720|0.530|
[24-07-17 17:50:19-INFO] ACC: 0.940, TIME: 62.4s
[24-07-17 17:50:19-INFO] 
|dataset | ACC | SEN | SPE | PRE | F1  |
|  VAL   |0.940|0.667|0.992|0.776|0.694|
[24-07-17 17:52:54-INFO] 

EPOCH: 15, LOSS : 1.209, LR: 9.85e-04
[24-07-17 17:52:54-INFO] ACC: 0.936, TIME: 154.4s
[24-07-17 17:52:54-INFO] 
|dataset | ACC | SEN | SPE | PRE | F1  |
| TRAIN  |0.936|0.486|0.994|0.649|0.531|
[24-07-17 17:53:56-INFO] ACC: 0.951, TIME: 62.4s
[24-07-17 17:53:56-INFO] 
|dataset | ACC | SEN | SPE | PRE | F1  |
|  VAL   |0.951|0.786|0.993|0.833|0.782|
[24-07-17 17:56:30-INFO] 

EPOCH: 16, LOSS : 1.207, LR: 9.83e-04
[24-07-17 17:56:30-INFO] ACC: 0.935, TIME: 154.2s
[24-07-17 17:56:30-INFO] 
|dataset | ACC | SEN | SPE | PRE | F1  |
| TRAIN  |0.935|0.528|0.994|0.726|0.577|
[24-07-17 17:57:33-INFO] ACC: 0.918, TIME: 62.5s
[24-07-17 17:57:33-INFO] 
|dataset | ACC | SEN | SPE | PRE | F1  |
|  VAL   |0.918|0.675|0.991|0.717|0.652|
[24-07-17 18:00:07-INFO] 

EPOCH: 17, LOSS : 1.200, LR: 9.81e-04
[24-07-17 18:00:07-INFO] ACC: 0.936, TIME: 154.4s
[24-07-17 18:00:07-INFO] 
|dataset | ACC | SEN | SPE | PRE | F1  |
| TRAIN  |0.936|0.513|0.994|0.752|0.570|
[24-07-17 18:01:09-INFO] ACC: 0.962, TIME: 62.3s
[24-07-17 18:01:09-INFO] 
|dataset | ACC | SEN | SPE | PRE | F1  |
|  VAL   |0.962|0.789|0.995|0.731|0.752|
[24-07-17 18:03:44-INFO] 

EPOCH: 18, LOSS : 1.198, LR: 9.78e-04
[24-07-17 18:03:44-INFO] ACC: 0.939, TIME: 154.5s
[24-07-17 18:03:44-INFO] 
|dataset | ACC | SEN | SPE | PRE | F1  |
| TRAIN  |0.939|0.515|0.995|0.724|0.567|
[24-07-17 18:04:46-INFO] ACC: 0.962, TIME: 62.3s
[24-07-17 18:04:46-INFO] 
|dataset | ACC | SEN | SPE | PRE | F1  |
|  VAL   |0.962|0.803|0.995|0.821|0.783|
[24-07-17 18:07:21-INFO] 

EPOCH: 19, LOSS : 1.194, LR: 9.76e-04
[24-07-17 18:07:21-INFO] ACC: 0.939, TIME: 154.4s
[24-07-17 18:07:21-INFO] 
|dataset | ACC | SEN | SPE | PRE | F1  |
| TRAIN  |0.939|0.543|0.995|0.691|0.590|
[24-07-17 18:08:23-INFO] ACC: 0.951, TIME: 62.4s
[24-07-17 18:08:23-INFO] 
|dataset | ACC | SEN | SPE | PRE | F1  |
|  VAL   |0.951|0.800|0.993|0.816|0.779|
[24-07-17 18:10:57-INFO] 

EPOCH: 20, LOSS : 1.188, LR: 9.73e-04
[24-07-17 18:10:57-INFO] ACC: 0.942, TIME: 154.2s
[24-07-17 18:10:57-INFO] 
|dataset | ACC | SEN | SPE | PRE | F1  |
| TRAIN  |0.942|0.550|0.995|0.705|0.594|
[24-07-17 18:11:59-INFO] ACC: 0.962, TIME: 62.3s
[24-07-17 18:11:59-INFO] 
|dataset | ACC | SEN | SPE | PRE | F1  |
|  VAL   |0.962|0.874|0.995|0.930|0.868|
[24-07-17 18:14:34-INFO] 

EPOCH: 21, LOSS : 1.188, LR: 9.70e-04
[24-07-17 18:14:34-INFO] ACC: 0.943, TIME: 154.2s
[24-07-17 18:14:34-INFO] 
|dataset | ACC | SEN | SPE | PRE | F1  |
| TRAIN  |0.943|0.537|0.995|0.724|0.584|
[24-07-17 18:15:36-INFO] ACC: 0.962, TIME: 62.3s
[24-07-17 18:15:36-INFO] 
|dataset | ACC | SEN | SPE | PRE | F1  |
|  VAL   |0.962|0.783|0.994|0.786|0.784|
[24-07-17 18:18:10-INFO] 

EPOCH: 22, LOSS : 1.182, LR: 9.67e-04
[24-07-17 18:18:10-INFO] ACC: 0.944, TIME: 154.2s
[24-07-17 18:18:10-INFO] 
|dataset | ACC | SEN | SPE | PRE | F1  |
| TRAIN  |0.944|0.539|0.995|0.673|0.582|
[24-07-17 18:19:13-INFO] ACC: 0.973, TIME: 62.3s
[24-07-17 18:19:13-INFO] 
|dataset | ACC | SEN | SPE | PRE | F1  |
|  VAL   |0.973|0.869|0.996|0.891|0.878|
[24-07-17 18:20:16-INFO] ACC: 0.963, TIME: 63.3s
[24-07-17 18:20:16-INFO] 
|dataset | ACC | SEN | SPE | PRE | F1  |
|  TEST  |0.963|0.598|0.996|0.651|0.620|
[24-07-17 18:20:16-INFO] BEST VAL: 0.973, TEST: 0.000, EPOCH:  22
[24-07-17 18:22:50-INFO] 

EPOCH: 23, LOSS : 1.180, LR: 9.64e-04
[24-07-17 18:22:50-INFO] ACC: 0.943, TIME: 154.6s
[24-07-17 18:22:50-INFO] 
|dataset | ACC | SEN | SPE | PRE | F1  |
| TRAIN  |0.943|0.552|0.995|0.733|0.604|
[24-07-17 18:23:53-INFO] ACC: 0.951, TIME: 62.3s
[24-07-17 18:23:53-INFO] 
|dataset | ACC | SEN | SPE | PRE | F1  |
|  VAL   |0.951|0.736|0.993|0.719|0.702|
[24-07-17 18:26:27-INFO] 

EPOCH: 24, LOSS : 1.173, LR: 9.60e-04
[24-07-17 18:26:27-INFO] ACC: 0.946, TIME: 154.4s
[24-07-17 18:26:27-INFO] 
|dataset | ACC | SEN | SPE | PRE | F1  |
| TRAIN  |0.946|0.557|0.995|0.830|0.610|
[24-07-17 18:27:30-INFO] ACC: 0.945, TIME: 62.5s
[24-07-17 18:27:30-INFO] 
|dataset | ACC | SEN | SPE | PRE | F1  |
|  VAL   |0.945|0.793|0.993|0.810|0.773|
[24-07-17 18:30:04-INFO] 

EPOCH: 25, LOSS : 1.170, LR: 9.57e-04
[24-07-17 18:30:04-INFO] ACC: 0.949, TIME: 154.7s
[24-07-17 18:30:04-INFO] 
|dataset | ACC | SEN | SPE | PRE | F1  |
| TRAIN  |0.949|0.581|0.995|0.834|0.639|
[24-07-17 18:31:07-INFO] ACC: 0.940, TIME: 62.4s
[24-07-17 18:31:07-INFO] 
|dataset | ACC | SEN | SPE | PRE | F1  |
|  VAL   |0.940|0.578|0.994|0.625|0.593|
[24-07-17 18:33:41-INFO] 

EPOCH: 26, LOSS : 1.171, LR: 9.53e-04
[24-07-17 18:33:41-INFO] ACC: 0.948, TIME: 154.5s
[24-07-17 18:33:41-INFO] 
|dataset | ACC | SEN | SPE | PRE | F1  |
| TRAIN  |0.948|0.562|0.995|0.797|0.623|
[24-07-17 18:34:44-INFO] ACC: 0.945, TIME: 62.5s
[24-07-17 18:34:44-INFO] 
|dataset | ACC | SEN | SPE | PRE | F1  |
|  VAL   |0.945|0.797|0.993|0.777|0.759|
[24-07-17 18:37:18-INFO] 

EPOCH: 27, LOSS : 1.165, LR: 9.50e-04
[24-07-17 18:37:18-INFO] ACC: 0.950, TIME: 154.5s
[24-07-17 18:37:18-INFO] 
|dataset | ACC | SEN | SPE | PRE | F1  |
| TRAIN  |0.950|0.584|0.996|0.783|0.640|
[24-07-17 18:38:21-INFO] ACC: 0.967, TIME: 62.4s
[24-07-17 18:38:21-INFO] 
|dataset | ACC | SEN | SPE | PRE | F1  |
|  VAL   |0.967|0.906|0.996|0.921|0.885|
[24-07-17 18:40:55-INFO] 

EPOCH: 28, LOSS : 1.165, LR: 9.46e-04
[24-07-17 18:40:55-INFO] ACC: 0.947, TIME: 154.3s
[24-07-17 18:40:55-INFO] 
|dataset | ACC | SEN | SPE | PRE | F1  |
| TRAIN  |0.947|0.608|0.995|0.789|0.661|
[24-07-17 18:41:57-INFO] ACC: 0.945, TIME: 62.4s
[24-07-17 18:41:57-INFO] 
|dataset | ACC | SEN | SPE | PRE | F1  |
|  VAL   |0.945|0.586|0.995|0.613|0.591|
[24-07-17 18:44:32-INFO] 

EPOCH: 29, LOSS : 1.163, LR: 9.42e-04
[24-07-17 18:44:32-INFO] ACC: 0.950, TIME: 154.5s
[24-07-17 18:44:32-INFO] 
|dataset | ACC | SEN | SPE | PRE | F1  |
| TRAIN  |0.950|0.605|0.996|0.821|0.667|
[24-07-17 18:45:34-INFO] ACC: 0.962, TIME: 62.3s
[24-07-17 18:45:34-INFO] 
|dataset | ACC | SEN | SPE | PRE | F1  |
|  VAL   |0.962|0.786|0.996|0.769|0.771|
[24-07-17 18:48:09-INFO] 

EPOCH: 30, LOSS : 1.161, LR: 9.37e-04
[24-07-17 18:48:09-INFO] ACC: 0.950, TIME: 154.5s
[24-07-17 18:48:09-INFO] 
|dataset | ACC | SEN | SPE | PRE | F1  |
| TRAIN  |0.950|0.602|0.996|0.753|0.651|
[24-07-17 18:49:11-INFO] ACC: 0.978, TIME: 62.2s
[24-07-17 18:49:11-INFO] 
|dataset | ACC | SEN | SPE | PRE | F1  |
|  VAL   |0.978|0.720|0.998|0.717|0.718|
[24-07-17 18:50:14-INFO] ACC: 0.966, TIME: 63.5s
[24-07-17 18:50:14-INFO] 
|dataset | ACC | SEN | SPE | PRE | F1  |
|  TEST  |0.966|0.584|0.997|0.586|0.583|
[24-07-17 18:50:14-INFO] BEST VAL: 0.978, TEST: 0.000, EPOCH:  30
[24-07-17 18:52:49-INFO] 

EPOCH: 31, LOSS : 1.160, LR: 9.33e-04
[24-07-17 18:52:49-INFO] ACC: 0.949, TIME: 154.3s
[24-07-17 18:52:49-INFO] 
|dataset | ACC | SEN | SPE | PRE | F1  |
| TRAIN  |0.949|0.600|0.995|0.788|0.650|
[24-07-17 18:53:51-INFO] ACC: 0.956, TIME: 62.5s
[24-07-17 18:53:51-INFO] 
|dataset | ACC | SEN | SPE | PRE | F1  |
|  VAL   |0.956|0.853|0.995|0.840|0.839|
[24-07-17 18:56:25-INFO] 

EPOCH: 32, LOSS : 1.159, LR: 9.29e-04
[24-07-17 18:56:25-INFO] ACC: 0.950, TIME: 154.3s
[24-07-17 18:56:25-INFO] 
|dataset | ACC | SEN | SPE | PRE | F1  |
| TRAIN  |0.950|0.619|0.996|0.807|0.677|
[24-07-17 18:57:28-INFO] ACC: 0.940, TIME: 62.6s
[24-07-17 18:57:28-INFO] 
|dataset | ACC | SEN | SPE | PRE | F1  |
|  VAL   |0.940|0.791|0.992|0.871|0.818|
[24-07-17 19:00:02-INFO] 

EPOCH: 33, LOSS : 1.157, LR: 9.24e-04
[24-07-17 19:00:02-INFO] ACC: 0.949, TIME: 154.3s
[24-07-17 19:00:02-INFO] 
|dataset | ACC | SEN | SPE | PRE | F1  |
| TRAIN  |0.949|0.628|0.995|0.816|0.685|
[24-07-17 19:01:05-INFO] ACC: 0.951, TIME: 62.3s
[24-07-17 19:01:05-INFO] 
|dataset | ACC | SEN | SPE | PRE | F1  |
|  VAL   |0.951|0.658|0.994|0.678|0.666|
[24-07-17 19:03:39-INFO] 

EPOCH: 34, LOSS : 1.150, LR: 9.20e-04
[24-07-17 19:03:39-INFO] ACC: 0.952, TIME: 154.3s
[24-07-17 19:03:39-INFO] 
|dataset | ACC | SEN | SPE | PRE | F1  |
| TRAIN  |0.952|0.632|0.996|0.830|0.685|
[24-07-17 19:04:41-INFO] ACC: 0.962, TIME: 62.4s
[24-07-17 19:04:41-INFO] 
|dataset | ACC | SEN | SPE | PRE | F1  |
|  VAL   |0.962|0.950|0.995|0.932|0.930|
[24-07-17 19:07:16-INFO] 

EPOCH: 35, LOSS : 1.158, LR: 9.15e-04
[24-07-17 19:07:16-INFO] ACC: 0.951, TIME: 154.2s
[24-07-17 19:07:16-INFO] 
|dataset | ACC | SEN | SPE | PRE | F1  |
| TRAIN  |0.951|0.591|0.996|0.769|0.636|
[24-07-17 19:08:18-INFO] ACC: 0.951, TIME: 62.5s
[24-07-17 19:08:18-INFO] 
|dataset | ACC | SEN | SPE | PRE | F1  |
|  VAL   |0.951|0.855|0.994|0.835|0.834|
[24-07-17 19:10:53-INFO] 

EPOCH: 36, LOSS : 1.149, LR: 9.10e-04
[24-07-17 19:10:53-INFO] ACC: 0.953, TIME: 154.5s
[24-07-17 19:10:53-INFO] 
|dataset | ACC | SEN | SPE | PRE | F1  |
| TRAIN  |0.953|0.656|0.996|0.847|0.720|
[24-07-17 19:11:55-INFO] ACC: 0.962, TIME: 62.5s
[24-07-17 19:11:55-INFO] 
|dataset | ACC | SEN | SPE | PRE | F1  |
|  VAL   |0.962|0.806|0.995|0.785|0.767|
[24-07-17 19:14:29-INFO] 

EPOCH: 37, LOSS : 1.144, LR: 9.05e-04
[24-07-17 19:14:29-INFO] ACC: 0.956, TIME: 154.2s
[24-07-17 19:14:29-INFO] 
|dataset | ACC | SEN | SPE | PRE | F1  |
| TRAIN  |0.956|0.644|0.996|0.846|0.706|
[24-07-17 19:15:32-INFO] ACC: 0.967, TIME: 62.5s
[24-07-17 19:15:32-INFO] 
|dataset | ACC | SEN | SPE | PRE | F1  |
|  VAL   |0.967|0.800|0.995|0.839|0.793|
[24-07-17 19:18:06-INFO] 

EPOCH: 38, LOSS : 1.144, LR: 9.00e-04
[24-07-17 19:18:06-INFO] ACC: 0.955, TIME: 154.3s
[24-07-17 19:18:06-INFO] 
|dataset | ACC | SEN | SPE | PRE | F1  |
| TRAIN  |0.955|0.670|0.996|0.781|0.714|
[24-07-17 19:19:08-INFO] ACC: 0.962, TIME: 62.4s
[24-07-17 19:19:08-INFO] 
|dataset | ACC | SEN | SPE | PRE | F1  |
|  VAL   |0.962|0.797|0.995|0.789|0.758|
[24-07-17 19:21:43-INFO] 

EPOCH: 39, LOSS : 1.144, LR: 8.94e-04
[24-07-17 19:21:43-INFO] ACC: 0.955, TIME: 154.3s
[24-07-17 19:21:43-INFO] 
|dataset | ACC | SEN | SPE | PRE | F1  |
| TRAIN  |0.955|0.675|0.996|0.832|0.731|
[24-07-17 19:22:45-INFO] ACC: 0.967, TIME: 62.4s
[24-07-17 19:22:45-INFO] 
|dataset | ACC | SEN | SPE | PRE | F1  |
|  VAL   |0.967|0.831|0.996|0.835|0.819|
[24-07-17 19:25:19-INFO] 

EPOCH: 40, LOSS : 1.136, LR: 8.89e-04
[24-07-17 19:25:19-INFO] ACC: 0.961, TIME: 154.3s
[24-07-17 19:25:19-INFO] 
|dataset | ACC | SEN | SPE | PRE | F1  |
| TRAIN  |0.961|0.706|0.997|0.837|0.752|
[24-07-17 19:26:22-INFO] ACC: 0.962, TIME: 62.4s
[24-07-17 19:26:22-INFO] 
|dataset | ACC | SEN | SPE | PRE | F1  |
|  VAL   |0.962|0.808|0.995|0.814|0.782|
[24-07-17 19:28:56-INFO] 

EPOCH: 41, LOSS : 1.139, LR: 8.83e-04
[24-07-17 19:28:56-INFO] ACC: 0.956, TIME: 154.1s
[24-07-17 19:28:56-INFO] 
|dataset | ACC | SEN | SPE | PRE | F1  |
| TRAIN  |0.956|0.674|0.996|0.855|0.729|
[24-07-17 19:29:58-INFO] ACC: 0.967, TIME: 62.2s
[24-07-17 19:29:58-INFO] 
|dataset | ACC | SEN | SPE | PRE | F1  |
|  VAL   |0.967|0.860|0.996|0.814|0.825|
[24-07-17 19:32:33-INFO] 

EPOCH: 42, LOSS : 1.138, LR: 8.78e-04
[24-07-17 19:32:33-INFO] ACC: 0.959, TIME: 154.5s
[24-07-17 19:32:33-INFO] 
|dataset | ACC | SEN | SPE | PRE | F1  |
| TRAIN  |0.959|0.671|0.996|0.834|0.728|
[24-07-17 19:33:35-INFO] ACC: 0.973, TIME: 62.4s
[24-07-17 19:33:35-INFO] 
|dataset | ACC | SEN | SPE | PRE | F1  |
|  VAL   |0.973|0.900|0.996|0.942|0.894|
[24-07-17 19:36:09-INFO] 

EPOCH: 43, LOSS : 1.135, LR: 8.72e-04
[24-07-17 19:36:09-INFO] ACC: 0.958, TIME: 154.2s
[24-07-17 19:36:09-INFO] 
|dataset | ACC | SEN | SPE | PRE | F1  |
| TRAIN  |0.958|0.694|0.996|0.820|0.739|
[24-07-17 19:37:12-INFO] ACC: 0.973, TIME: 62.5s
[24-07-17 19:37:12-INFO] 
|dataset | ACC | SEN | SPE | PRE | F1  |
|  VAL   |0.973|0.920|0.996|0.990|0.937|
[24-07-17 19:39:46-INFO] 

EPOCH: 44, LOSS : 1.130, LR: 8.66e-04
[24-07-17 19:39:46-INFO] ACC: 0.961, TIME: 154.3s
[24-07-17 19:39:46-INFO] 
|dataset | ACC | SEN | SPE | PRE | F1  |
| TRAIN  |0.961|0.696|0.997|0.866|0.753|
[24-07-17 19:40:49-INFO] ACC: 0.962, TIME: 62.4s
[24-07-17 19:40:49-INFO] 
|dataset | ACC | SEN | SPE | PRE | F1  |
|  VAL   |0.962|0.772|0.995|0.823|0.755|
[24-07-17 19:43:23-INFO] 

EPOCH: 45, LOSS : 1.131, LR: 8.60e-04
[24-07-17 19:43:23-INFO] ACC: 0.960, TIME: 154.3s
[24-07-17 19:43:23-INFO] 
|dataset | ACC | SEN | SPE | PRE | F1  |
| TRAIN  |0.960|0.688|0.997|0.882|0.749|
[24-07-17 19:44:25-INFO] ACC: 0.962, TIME: 62.2s
[24-07-17 19:44:25-INFO] 
|dataset | ACC | SEN | SPE | PRE | F1  |
|  VAL   |0.962|0.659|0.996|0.716|0.682|
[24-07-17 19:46:59-INFO] 

EPOCH: 46, LOSS : 1.134, LR: 8.54e-04
[24-07-17 19:46:59-INFO] ACC: 0.959, TIME: 154.3s
[24-07-17 19:46:59-INFO] 
|dataset | ACC | SEN | SPE | PRE | F1  |
| TRAIN  |0.959|0.701|0.996|0.841|0.747|
[24-07-17 19:48:02-INFO] ACC: 0.973, TIME: 62.6s
[24-07-17 19:48:02-INFO] 
|dataset | ACC | SEN | SPE | PRE | F1  |
|  VAL   |0.973|0.833|0.996|0.841|0.823|
[24-07-17 19:50:36-INFO] 

EPOCH: 47, LOSS : 1.124, LR: 8.48e-04
[24-07-17 19:50:36-INFO] ACC: 0.962, TIME: 154.3s
[24-07-17 19:50:36-INFO] 
|dataset | ACC | SEN | SPE | PRE | F1  |
| TRAIN  |0.962|0.733|0.997|0.882|0.787|
[24-07-17 19:51:39-INFO] ACC: 0.967, TIME: 62.4s
[24-07-17 19:51:39-INFO] 
|dataset | ACC | SEN | SPE | PRE | F1  |
|  VAL   |0.967|0.808|0.996|0.825|0.788|
[24-07-17 19:54:13-INFO] 

EPOCH: 48, LOSS : 1.125, LR: 8.41e-04
[24-07-17 19:54:13-INFO] ACC: 0.964, TIME: 154.5s
[24-07-17 19:54:13-INFO] 
|dataset | ACC | SEN | SPE | PRE | F1  |
| TRAIN  |0.964|0.723|0.997|0.852|0.773|
[24-07-17 19:55:16-INFO] ACC: 0.973, TIME: 62.3s
[24-07-17 19:55:16-INFO] 
|dataset | ACC | SEN | SPE | PRE | F1  |
|  VAL   |0.973|0.939|0.996|0.985|0.954|
[24-07-17 19:57:50-INFO] 

EPOCH: 49, LOSS : 1.125, LR: 8.35e-04
[24-07-17 19:57:50-INFO] ACC: 0.963, TIME: 154.5s
[24-07-17 19:57:50-INFO] 
|dataset | ACC | SEN | SPE | PRE | F1  |
| TRAIN  |0.963|0.705|0.997|0.893|0.770|
[24-07-17 19:58:52-INFO] ACC: 0.962, TIME: 62.3s
[24-07-17 19:58:52-INFO] 
|dataset | ACC | SEN | SPE | PRE | F1  |
|  VAL   |0.962|0.797|0.994|0.883|0.821|
[24-07-17 20:01:26-INFO] 

EPOCH: 50, LOSS : 1.122, LR: 8.29e-04
[24-07-17 20:01:26-INFO] ACC: 0.962, TIME: 154.1s
[24-07-17 20:01:26-INFO] 
|dataset | ACC | SEN | SPE | PRE | F1  |
| TRAIN  |0.962|0.735|0.997|0.877|0.791|
[24-07-17 20:02:29-INFO] ACC: 0.962, TIME: 62.6s
[24-07-17 20:02:29-INFO] 
|dataset | ACC | SEN | SPE | PRE | F1  |
|  VAL   |0.962|0.829|0.995|0.802|0.805|
[24-07-17 20:05:03-INFO] 

EPOCH: 51, LOSS : 1.121, LR: 8.22e-04
[24-07-17 20:05:03-INFO] ACC: 0.962, TIME: 154.2s
[24-07-17 20:05:03-INFO] 
|dataset | ACC | SEN | SPE | PRE | F1  |
| TRAIN  |0.962|0.701|0.997|0.881|0.759|
[24-07-17 20:06:05-INFO] ACC: 0.973, TIME: 62.3s
[24-07-17 20:06:05-INFO] 
|dataset | ACC | SEN | SPE | PRE | F1  |
|  VAL   |0.973|0.842|0.997|0.887|0.856|
[24-07-17 20:08:40-INFO] 

EPOCH: 52, LOSS : 1.120, LR: 8.15e-04
[24-07-17 20:08:40-INFO] ACC: 0.962, TIME: 154.1s
[24-07-17 20:08:40-INFO] 
|dataset | ACC | SEN | SPE | PRE | F1  |
| TRAIN  |0.962|0.725|0.997|0.887|0.777|
[24-07-17 20:09:42-INFO] ACC: 0.973, TIME: 62.4s
[24-07-17 20:09:42-INFO] 
|dataset | ACC | SEN | SPE | PRE | F1  |
|  VAL   |0.973|0.960|0.997|0.917|0.926|
[24-07-17 20:12:16-INFO] 

EPOCH: 53, LOSS : 1.117, LR: 8.08e-04
[24-07-17 20:12:16-INFO] ACC: 0.963, TIME: 154.1s
[24-07-17 20:12:16-INFO] 
|dataset | ACC | SEN | SPE | PRE | F1  |
| TRAIN  |0.963|0.708|0.997|0.846|0.758|
[24-07-17 20:13:18-INFO] ACC: 0.967, TIME: 62.2s
[24-07-17 20:13:18-INFO] 
|dataset | ACC | SEN | SPE | PRE | F1  |
|  VAL   |0.967|0.832|0.996|0.785|0.800|
[24-07-17 20:15:52-INFO] 

EPOCH: 54, LOSS : 1.115, LR: 8.02e-04
[24-07-17 20:15:52-INFO] ACC: 0.965, TIME: 154.1s
[24-07-17 20:15:52-INFO] 
|dataset | ACC | SEN | SPE | PRE | F1  |
| TRAIN  |0.965|0.757|0.997|0.903|0.814|
[24-07-17 20:16:55-INFO] ACC: 0.973, TIME: 62.6s
[24-07-17 20:16:55-INFO] 
|dataset | ACC | SEN | SPE | PRE | F1  |
|  VAL   |0.973|0.845|0.997|0.830|0.828|
[24-07-17 20:19:30-INFO] 

EPOCH: 55, LOSS : 1.113, LR: 7.95e-04
[24-07-17 20:19:30-INFO] ACC: 0.966, TIME: 154.5s
[24-07-17 20:19:30-INFO] 
|dataset | ACC | SEN | SPE | PRE | F1  |
| TRAIN  |0.966|0.737|0.997|0.864|0.786|
[24-07-17 20:20:32-INFO] ACC: 0.956, TIME: 62.4s
[24-07-17 20:20:32-INFO] 
|dataset | ACC | SEN | SPE | PRE | F1  |
|  VAL   |0.956|0.832|0.995|0.806|0.800|
[24-07-17 20:23:06-INFO] 

EPOCH: 56, LOSS : 1.110, LR: 7.87e-04
[24-07-17 20:23:06-INFO] ACC: 0.966, TIME: 154.3s
[24-07-17 20:23:06-INFO] 
|dataset | ACC | SEN | SPE | PRE | F1  |
| TRAIN  |0.966|0.787|0.997|0.911|0.837|
[24-07-17 20:24:09-INFO] ACC: 0.973, TIME: 62.3s
[24-07-17 20:24:09-INFO] 
|dataset | ACC | SEN | SPE | PRE | F1  |
|  VAL   |0.973|0.783|0.997|0.765|0.764|
[24-07-17 20:26:43-INFO] 

EPOCH: 57, LOSS : 1.112, LR: 7.80e-04
[24-07-17 20:26:43-INFO] ACC: 0.966, TIME: 154.1s
[24-07-17 20:26:43-INFO] 
|dataset | ACC | SEN | SPE | PRE | F1  |
| TRAIN  |0.966|0.766|0.997|0.895|0.816|
[24-07-17 20:27:45-INFO] ACC: 0.967, TIME: 62.7s
[24-07-17 20:27:45-INFO] 
|dataset | ACC | SEN | SPE | PRE | F1  |
|  VAL   |0.967|0.806|0.996|0.838|0.801|
[24-07-17 20:30:19-INFO] 

EPOCH: 58, LOSS : 1.111, LR: 7.73e-04
[24-07-17 20:30:20-INFO] ACC: 0.966, TIME: 154.3s
[24-07-17 20:30:20-INFO] 
|dataset | ACC | SEN | SPE | PRE | F1  |
| TRAIN  |0.966|0.763|0.997|0.901|0.818|
[24-07-17 20:31:22-INFO] ACC: 0.956, TIME: 62.4s
[24-07-17 20:31:22-INFO] 
|dataset | ACC | SEN | SPE | PRE | F1  |
|  VAL   |0.956|0.792|0.994|0.828|0.783|
[24-07-17 20:33:56-INFO] 

EPOCH: 59, LOSS : 1.106, LR: 7.66e-04
[24-07-17 20:33:56-INFO] ACC: 0.967, TIME: 154.3s
[24-07-17 20:33:56-INFO] 
|dataset | ACC | SEN | SPE | PRE | F1  |
| TRAIN  |0.967|0.776|0.997|0.905|0.824|
[24-07-17 20:34:58-INFO] ACC: 0.951, TIME: 62.2s
[24-07-17 20:34:58-INFO] 
|dataset | ACC | SEN | SPE | PRE | F1  |
|  VAL   |0.951|0.892|0.994|0.979|0.922|
[24-07-17 20:37:33-INFO] 

EPOCH: 60, LOSS : 1.108, LR: 7.58e-04
[24-07-17 20:37:33-INFO] ACC: 0.967, TIME: 154.2s
[24-07-17 20:37:33-INFO] 
|dataset | ACC | SEN | SPE | PRE | F1  |
| TRAIN  |0.967|0.765|0.997|0.916|0.822|
[24-07-17 20:38:35-INFO] ACC: 0.967, TIME: 62.3s
[24-07-17 20:38:35-INFO] 
|dataset | ACC | SEN | SPE | PRE | F1  |
|  VAL   |0.967|0.667|0.996|0.719|0.688|
[24-07-17 20:41:09-INFO] 

EPOCH: 61, LOSS : 1.106, LR: 7.51e-04
[24-07-17 20:41:09-INFO] ACC: 0.968, TIME: 154.2s
[24-07-17 20:41:09-INFO] 
|dataset | ACC | SEN | SPE | PRE | F1  |
| TRAIN  |0.968|0.769|0.997|0.909|0.822|
[24-07-17 20:42:12-INFO] ACC: 0.978, TIME: 62.4s
[24-07-17 20:42:12-INFO] 
|dataset | ACC | SEN | SPE | PRE | F1  |
|  VAL   |0.978|0.867|0.997|0.839|0.843|
[24-07-17 20:44:46-INFO] 

EPOCH: 62, LOSS : 1.110, LR: 7.43e-04
[24-07-17 20:44:46-INFO] ACC: 0.967, TIME: 154.3s
[24-07-17 20:44:46-INFO] 
|dataset | ACC | SEN | SPE | PRE | F1  |
| TRAIN  |0.967|0.766|0.997|0.913|0.818|
[24-07-17 20:45:48-INFO] ACC: 0.973, TIME: 62.2s
[24-07-17 20:45:48-INFO] 
|dataset | ACC | SEN | SPE | PRE | F1  |
|  VAL   |0.973|0.928|0.996|0.941|0.920|
[24-07-17 20:48:28-INFO] 

EPOCH: 63, LOSS : 1.104, LR: 7.36e-04
[24-07-17 20:48:28-INFO] ACC: 0.970, TIME: 159.5s
[24-07-17 20:48:28-INFO] 
|dataset | ACC | SEN | SPE | PRE | F1  |
| TRAIN  |0.970|0.791|0.997|0.877|0.827|
[24-07-17 20:49:30-INFO] ACC: 0.978, TIME: 62.2s
[24-07-17 20:49:30-INFO] 
|dataset | ACC | SEN | SPE | PRE | F1  |
|  VAL   |0.978|0.864|0.997|0.842|0.842|
[24-07-17 20:52:04-INFO] 

EPOCH: 64, LOSS : 1.103, LR: 7.28e-04
[24-07-17 20:52:04-INFO] ACC: 0.969, TIME: 154.3s
[24-07-17 20:52:04-INFO] 
|dataset | ACC | SEN | SPE | PRE | F1  |
| TRAIN  |0.969|0.749|0.997|0.901|0.808|
[24-07-17 20:53:06-INFO] ACC: 0.984, TIME: 62.2s
[24-07-17 20:53:06-INFO] 
|dataset | ACC | SEN | SPE | PRE | F1  |
|  VAL   |0.984|0.939|0.998|0.946|0.929|
[24-07-17 20:54:10-INFO] ACC: 0.963, TIME: 63.5s
[24-07-17 20:54:10-INFO] 
|dataset | ACC | SEN | SPE | PRE | F1  |
|  TEST  |0.963|0.647|0.996|0.632|0.621|
[24-07-17 20:54:10-INFO] BEST VAL: 0.984, TEST: 0.000, EPOCH:  64
[24-07-17 20:56:44-INFO] 

EPOCH: 65, LOSS : 1.105, LR: 7.20e-04
[24-07-17 20:56:44-INFO] ACC: 0.969, TIME: 154.5s
[24-07-17 20:56:44-INFO] 
|dataset | ACC | SEN | SPE | PRE | F1  |
| TRAIN  |0.969|0.780|0.997|0.916|0.832|
[24-07-17 20:57:47-INFO] ACC: 0.967, TIME: 62.6s
[24-07-17 20:57:47-INFO] 
|dataset | ACC | SEN | SPE | PRE | F1  |
|  VAL   |0.967|0.875|0.996|0.925|0.858|
[24-07-17 21:00:21-INFO] 

EPOCH: 66, LOSS : 1.101, LR: 7.12e-04
[24-07-17 21:00:21-INFO] ACC: 0.969, TIME: 154.3s
[24-07-17 21:00:21-INFO] 
|dataset | ACC | SEN | SPE | PRE | F1  |
| TRAIN  |0.969|0.787|0.997|0.906|0.833|
[24-07-17 21:01:24-INFO] ACC: 0.973, TIME: 62.4s
[24-07-17 21:01:24-INFO] 
|dataset | ACC | SEN | SPE | PRE | F1  |
|  VAL   |0.973|0.811|0.997|0.827|0.790|
[24-07-17 21:03:58-INFO] 

EPOCH: 67, LOSS : 1.100, LR: 7.04e-04
[24-07-17 21:03:58-INFO] ACC: 0.970, TIME: 154.3s
[24-07-17 21:03:58-INFO] 
|dataset | ACC | SEN | SPE | PRE | F1  |
| TRAIN  |0.970|0.765|0.997|0.864|0.807|
[24-07-17 21:05:00-INFO] ACC: 0.973, TIME: 62.2s
[24-07-17 21:05:00-INFO] 
|dataset | ACC | SEN | SPE | PRE | F1  |
|  VAL   |0.973|0.908|0.996|0.941|0.904|
[24-07-17 21:07:35-INFO] 

EPOCH: 68, LOSS : 1.102, LR: 6.96e-04
[24-07-17 21:07:35-INFO] ACC: 0.970, TIME: 154.5s
[24-07-17 21:07:35-INFO] 
|dataset | ACC | SEN | SPE | PRE | F1  |
| TRAIN  |0.970|0.806|0.997|0.915|0.848|
[24-07-17 21:08:37-INFO] ACC: 0.956, TIME: 62.4s
[24-07-17 21:08:37-INFO] 
|dataset | ACC | SEN | SPE | PRE | F1  |
|  VAL   |0.956|0.795|0.994|0.878|0.818|
[24-07-17 21:11:11-INFO] 

EPOCH: 69, LOSS : 1.095, LR: 6.88e-04
[24-07-17 21:11:12-INFO] ACC: 0.972, TIME: 154.3s
[24-07-17 21:11:12-INFO] 
|dataset | ACC | SEN | SPE | PRE | F1  |
| TRAIN  |0.972|0.819|0.997|0.918|0.861|
[24-07-17 21:12:14-INFO] ACC: 0.973, TIME: 62.4s
[24-07-17 21:12:14-INFO] 
|dataset | ACC | SEN | SPE | PRE | F1  |
|  VAL   |0.973|0.811|0.996|0.841|0.806|
[24-07-17 21:14:48-INFO] 

EPOCH: 70, LOSS : 1.095, LR: 6.80e-04
[24-07-17 21:14:48-INFO] ACC: 0.971, TIME: 154.1s
[24-07-17 21:14:48-INFO] 
|dataset | ACC | SEN | SPE | PRE | F1  |
| TRAIN  |0.971|0.815|0.998|0.934|0.856|
[24-07-17 21:15:50-INFO] ACC: 0.973, TIME: 62.4s
[24-07-17 21:15:50-INFO] 
|dataset | ACC | SEN | SPE | PRE | F1  |
|  VAL   |0.973|0.941|0.997|0.917|0.910|
[24-07-17 21:18:25-INFO] 

EPOCH: 71, LOSS : 1.093, LR: 6.72e-04
[24-07-17 21:18:25-INFO] ACC: 0.973, TIME: 154.1s
[24-07-17 21:18:25-INFO] 
|dataset | ACC | SEN | SPE | PRE | F1  |
| TRAIN  |0.973|0.821|0.998|0.936|0.865|
[24-07-17 21:19:27-INFO] ACC: 0.967, TIME: 62.4s
[24-07-17 21:19:27-INFO] 
|dataset | ACC | SEN | SPE | PRE | F1  |
|  VAL   |0.967|0.928|0.996|0.933|0.917|
[24-07-17 21:22:01-INFO] 

EPOCH: 72, LOSS : 1.090, LR: 6.64e-04
[24-07-17 21:22:01-INFO] ACC: 0.974, TIME: 154.2s
[24-07-17 21:22:01-INFO] 
|dataset | ACC | SEN | SPE | PRE | F1  |
| TRAIN  |0.974|0.794|0.998|0.931|0.838|
[24-07-17 21:23:03-INFO] ACC: 0.967, TIME: 62.4s
[24-07-17 21:23:03-INFO] 
|dataset | ACC | SEN | SPE | PRE | F1  |
|  VAL   |0.967|0.899|0.996|0.892|0.883|
[24-07-17 21:25:38-INFO] 

EPOCH: 73, LOSS : 1.095, LR: 6.56e-04
[24-07-17 21:25:38-INFO] ACC: 0.972, TIME: 154.3s
[24-07-17 21:25:38-INFO] 
|dataset | ACC | SEN | SPE | PRE | F1  |
| TRAIN  |0.972|0.793|0.998|0.897|0.833|
[24-07-17 21:26:40-INFO] ACC: 0.984, TIME: 62.4s
[24-07-17 21:26:40-INFO] 
|dataset | ACC | SEN | SPE | PRE | F1  |
|  VAL   |0.984|0.936|0.998|0.993|0.959|
[24-07-17 21:29:15-INFO] 

EPOCH: 74, LOSS : 1.089, LR: 6.47e-04
[24-07-17 21:29:15-INFO] ACC: 0.975, TIME: 154.4s
[24-07-17 21:29:15-INFO] 
|dataset | ACC | SEN | SPE | PRE | F1  |
| TRAIN  |0.975|0.834|0.998|0.948|0.881|
[24-07-17 21:30:17-INFO] ACC: 0.978, TIME: 62.3s
[24-07-17 21:30:17-INFO] 
|dataset | ACC | SEN | SPE | PRE | F1  |
|  VAL   |0.978|0.935|0.997|0.913|0.914|
[24-07-17 21:32:51-INFO] 

EPOCH: 75, LOSS : 1.089, LR: 6.39e-04
[24-07-17 21:32:51-INFO] ACC: 0.972, TIME: 154.2s
[24-07-17 21:32:51-INFO] 
|dataset | ACC | SEN | SPE | PRE | F1  |
| TRAIN  |0.972|0.812|0.998|0.920|0.855|
[24-07-17 21:33:53-INFO] ACC: 0.973, TIME: 62.4s
[24-07-17 21:33:53-INFO] 
|dataset | ACC | SEN | SPE | PRE | F1  |
|  VAL   |0.973|0.960|0.997|0.914|0.925|
[24-07-17 21:36:28-INFO] 

EPOCH: 76, LOSS : 1.091, LR: 6.31e-04
[24-07-17 21:36:28-INFO] ACC: 0.975, TIME: 154.3s
[24-07-17 21:36:28-INFO] 
|dataset | ACC | SEN | SPE | PRE | F1  |
| TRAIN  |0.975|0.805|0.998|0.930|0.855|
[24-07-17 21:37:30-INFO] ACC: 0.978, TIME: 62.4s
[24-07-17 21:37:30-INFO] 
|dataset | ACC | SEN | SPE | PRE | F1  |
|  VAL   |0.978|0.958|0.997|0.942|0.939|
[24-07-17 21:40:04-INFO] 

EPOCH: 77, LOSS : 1.093, LR: 6.22e-04
[24-07-17 21:40:04-INFO] ACC: 0.973, TIME: 154.3s
[24-07-17 21:40:04-INFO] 
|dataset | ACC | SEN | SPE | PRE | F1  |
| TRAIN  |0.973|0.845|0.998|0.945|0.887|
[24-07-17 21:41:07-INFO] ACC: 0.956, TIME: 62.2s
[24-07-17 21:41:07-INFO] 
|dataset | ACC | SEN | SPE | PRE | F1  |
|  VAL   |0.956|0.795|0.994|0.807|0.775|
[24-07-17 21:43:41-INFO] 

EPOCH: 78, LOSS : 1.088, LR: 6.14e-04
[24-07-17 21:43:41-INFO] ACC: 0.975, TIME: 154.4s
[24-07-17 21:43:41-INFO] 
|dataset | ACC | SEN | SPE | PRE | F1  |
| TRAIN  |0.975|0.834|0.998|0.920|0.871|
[24-07-17 21:44:43-INFO] ACC: 0.973, TIME: 62.4s
[24-07-17 21:44:43-INFO] 
|dataset | ACC | SEN | SPE | PRE | F1  |
|  VAL   |0.973|0.908|0.996|0.941|0.904|
[24-07-17 21:47:18-INFO] 

EPOCH: 79, LOSS : 1.087, LR: 6.05e-04
[24-07-17 21:47:18-INFO] ACC: 0.975, TIME: 154.4s
[24-07-17 21:47:18-INFO] 
|dataset | ACC | SEN | SPE | PRE | F1  |
| TRAIN  |0.975|0.812|0.998|0.943|0.865|
[24-07-17 21:48:21-INFO] ACC: 0.978, TIME: 63.5s
[24-07-17 21:48:21-INFO] 
|dataset | ACC | SEN | SPE | PRE | F1  |
|  VAL   |0.978|0.933|0.997|0.943|0.925|
[24-07-17 21:50:56-INFO] 

EPOCH: 80, LOSS : 1.084, LR: 5.97e-04
[24-07-17 21:50:56-INFO] ACC: 0.976, TIME: 154.9s
[24-07-17 21:50:56-INFO] 
|dataset | ACC | SEN | SPE | PRE | F1  |
| TRAIN  |0.976|0.828|0.998|0.929|0.869|
[24-07-17 21:51:59-INFO] ACC: 0.962, TIME: 62.6s
[24-07-17 21:51:59-INFO] 
|dataset | ACC | SEN | SPE | PRE | F1  |
|  VAL   |0.962|0.892|0.995|0.933|0.886|
[24-07-17 21:54:33-INFO] 

EPOCH: 81, LOSS : 1.085, LR: 5.88e-04
[24-07-17 21:54:33-INFO] ACC: 0.975, TIME: 154.1s
[24-07-17 21:54:33-INFO] 
|dataset | ACC | SEN | SPE | PRE | F1  |
| TRAIN  |0.975|0.839|0.998|0.918|0.873|
[24-07-17 21:55:35-INFO] ACC: 0.962, TIME: 62.4s
[24-07-17 21:55:35-INFO] 
|dataset | ACC | SEN | SPE | PRE | F1  |
|  VAL   |0.962|0.825|0.995|0.810|0.805|
[24-07-17 21:58:10-INFO] 

EPOCH: 82, LOSS : 1.081, LR: 5.79e-04
[24-07-17 21:58:10-INFO] ACC: 0.977, TIME: 154.3s
[24-07-17 21:58:10-INFO] 
|dataset | ACC | SEN | SPE | PRE | F1  |
| TRAIN  |0.977|0.839|0.998|0.940|0.882|
[24-07-17 21:59:12-INFO] ACC: 0.973, TIME: 62.4s
[24-07-17 21:59:12-INFO] 
|dataset | ACC | SEN | SPE | PRE | F1  |
|  VAL   |0.973|0.908|0.996|0.941|0.904|
[24-07-17 22:01:46-INFO] 

EPOCH: 83, LOSS : 1.084, LR: 5.71e-04
[24-07-17 22:01:46-INFO] ACC: 0.976, TIME: 154.1s
[24-07-17 22:01:46-INFO] 
|dataset | ACC | SEN | SPE | PRE | F1  |
| TRAIN  |0.976|0.859|0.998|0.943|0.894|
[24-07-17 22:02:49-INFO] ACC: 0.967, TIME: 62.6s
[24-07-17 22:02:49-INFO] 
|dataset | ACC | SEN | SPE | PRE | F1  |
|  VAL   |0.967|0.938|0.996|0.909|0.905|
[24-07-17 22:05:25-INFO] 

EPOCH: 84, LOSS : 1.089, LR: 5.62e-04
[24-07-17 22:05:25-INFO] ACC: 0.973, TIME: 156.0s
[24-07-17 22:05:25-INFO] 
|dataset | ACC | SEN | SPE | PRE | F1  |
| TRAIN  |0.973|0.831|0.998|0.930|0.874|
[24-07-17 22:06:28-INFO] ACC: 0.967, TIME: 63.0s
[24-07-17 22:06:28-INFO] 
|dataset | ACC | SEN | SPE | PRE | F1  |
|  VAL   |0.967|0.922|0.996|0.938|0.916|
[24-07-17 22:09:03-INFO] 

EPOCH: 85, LOSS : 1.080, LR: 5.54e-04
[24-07-17 22:09:03-INFO] ACC: 0.978, TIME: 155.3s
[24-07-17 22:09:03-INFO] 
|dataset | ACC | SEN | SPE | PRE | F1  |
| TRAIN  |0.978|0.860|0.998|0.943|0.896|
[24-07-17 22:10:06-INFO] ACC: 0.962, TIME: 62.4s
[24-07-17 22:10:06-INFO] 
|dataset | ACC | SEN | SPE | PRE | F1  |
|  VAL   |0.962|0.894|0.995|0.931|0.886|
[24-07-17 22:12:40-INFO] 

EPOCH: 86, LOSS : 1.084, LR: 5.45e-04
[24-07-17 22:12:40-INFO] ACC: 0.976, TIME: 154.7s
[24-07-17 22:12:40-INFO] 
|dataset | ACC | SEN | SPE | PRE | F1  |
| TRAIN  |0.976|0.827|0.998|0.921|0.865|
[24-07-17 22:13:43-INFO] ACC: 0.967, TIME: 62.4s
[24-07-17 22:13:43-INFO] 
|dataset | ACC | SEN | SPE | PRE | F1  |
|  VAL   |0.967|0.906|0.995|0.939|0.902|
[24-07-17 22:16:17-INFO] 

EPOCH: 87, LOSS : 1.081, LR: 5.36e-04
[24-07-17 22:16:17-INFO] ACC: 0.978, TIME: 154.3s
[24-07-17 22:16:17-INFO] 
|dataset | ACC | SEN | SPE | PRE | F1  |
| TRAIN  |0.978|0.858|0.998|0.957|0.900|
[24-07-17 22:17:19-INFO] ACC: 0.962, TIME: 62.4s
[24-07-17 22:17:19-INFO] 
|dataset | ACC | SEN | SPE | PRE | F1  |
|  VAL   |0.962|0.861|0.994|0.838|0.839|
[24-07-17 22:19:54-INFO] 

EPOCH: 88, LOSS : 1.080, LR: 5.28e-04
[24-07-17 22:19:54-INFO] ACC: 0.978, TIME: 154.7s
[24-07-17 22:19:54-INFO] 
|dataset | ACC | SEN | SPE | PRE | F1  |
| TRAIN  |0.978|0.856|0.998|0.959|0.896|
[24-07-17 22:20:56-INFO] ACC: 0.962, TIME: 62.2s
[24-07-17 22:20:56-INFO] 
|dataset | ACC | SEN | SPE | PRE | F1  |
|  VAL   |0.962|0.797|0.995|0.834|0.789|
[24-07-17 22:23:31-INFO] 

EPOCH: 89, LOSS : 1.079, LR: 5.19e-04
[24-07-17 22:23:31-INFO] ACC: 0.978, TIME: 154.7s
[24-07-17 22:23:31-INFO] 
|dataset | ACC | SEN | SPE | PRE | F1  |
| TRAIN  |0.978|0.861|0.998|0.934|0.892|
[24-07-17 22:24:33-INFO] ACC: 0.973, TIME: 62.4s
[24-07-17 22:24:33-INFO] 
|dataset | ACC | SEN | SPE | PRE | F1  |
|  VAL   |0.973|0.900|0.996|0.939|0.893|
[24-07-17 22:27:08-INFO] 

EPOCH: 90, LOSS : 1.077, LR: 5.10e-04
[24-07-17 22:27:08-INFO] ACC: 0.978, TIME: 154.5s
[24-07-17 22:27:08-INFO] 
|dataset | ACC | SEN | SPE | PRE | F1  |
| TRAIN  |0.978|0.869|0.998|0.948|0.905|
[24-07-17 22:28:11-INFO] ACC: 0.962, TIME: 62.6s
[24-07-17 22:28:11-INFO] 
|dataset | ACC | SEN | SPE | PRE | F1  |
|  VAL   |0.962|0.872|0.995|0.930|0.868|
[24-07-17 22:30:45-INFO] 

EPOCH: 91, LOSS : 1.075, LR: 5.01e-04
[24-07-17 22:30:45-INFO] ACC: 0.978, TIME: 154.5s
[24-07-17 22:30:45-INFO] 
|dataset | ACC | SEN | SPE | PRE | F1  |
| TRAIN  |0.978|0.880|0.998|0.967|0.918|
[24-07-17 22:31:47-INFO] ACC: 0.978, TIME: 62.4s
[24-07-17 22:31:47-INFO] 
|dataset | ACC | SEN | SPE | PRE | F1  |
|  VAL   |0.978|0.906|0.997|0.942|0.897|
[24-07-17 22:34:22-INFO] 

EPOCH: 92, LOSS : 1.074, LR: 4.93e-04
[24-07-17 22:34:22-INFO] ACC: 0.979, TIME: 154.5s
[24-07-17 22:34:22-INFO] 
|dataset | ACC | SEN | SPE | PRE | F1  |
| TRAIN  |0.979|0.837|0.998|0.961|0.888|
[24-07-17 22:35:24-INFO] ACC: 0.978, TIME: 62.4s
[24-07-17 22:35:24-INFO] 
|dataset | ACC | SEN | SPE | PRE | F1  |
|  VAL   |0.978|0.836|0.997|0.821|0.817|
[24-07-17 22:37:59-INFO] 

EPOCH: 93, LOSS : 1.078, LR: 4.84e-04
[24-07-17 22:37:59-INFO] ACC: 0.977, TIME: 154.6s
[24-07-17 22:37:59-INFO] 
|dataset | ACC | SEN | SPE | PRE | F1  |
| TRAIN  |0.977|0.855|0.998|0.951|0.897|
[24-07-17 22:39:01-INFO] ACC: 0.973, TIME: 62.2s
[24-07-17 22:39:01-INFO] 
|dataset | ACC | SEN | SPE | PRE | F1  |
|  VAL   |0.973|0.904|0.996|0.895|0.888|
[24-07-17 22:41:35-INFO] 

EPOCH: 94, LOSS : 1.078, LR: 4.75e-04
[24-07-17 22:41:35-INFO] ACC: 0.977, TIME: 154.3s
[24-07-17 22:41:35-INFO] 
|dataset | ACC | SEN | SPE | PRE | F1  |
| TRAIN  |0.977|0.861|0.998|0.964|0.903|
[24-07-17 22:42:38-INFO] ACC: 0.984, TIME: 62.2s
[24-07-17 22:42:38-INFO] 
|dataset | ACC | SEN | SPE | PRE | F1  |
|  VAL   |0.984|0.908|0.997|0.948|0.901|
[24-07-17 22:45:12-INFO] 

EPOCH: 95, LOSS : 1.074, LR: 4.67e-04
[24-07-17 22:45:12-INFO] ACC: 0.980, TIME: 154.5s
[24-07-17 22:45:12-INFO] 
|dataset | ACC | SEN | SPE | PRE | F1  |
| TRAIN  |0.980|0.878|0.998|0.965|0.913|
[24-07-17 22:46:15-INFO] ACC: 0.984, TIME: 62.4s
[24-07-17 22:46:15-INFO] 
|dataset | ACC | SEN | SPE | PRE | F1  |
|  VAL   |0.984|0.967|0.998|0.942|0.944|
[24-07-17 22:48:49-INFO] 

EPOCH: 96, LOSS : 1.076, LR: 4.58e-04
[24-07-17 22:48:49-INFO] ACC: 0.979, TIME: 154.7s
[24-07-17 22:48:49-INFO] 
|dataset | ACC | SEN | SPE | PRE | F1  |
| TRAIN  |0.979|0.865|0.998|0.952|0.902|
[24-07-17 22:49:52-INFO] ACC: 0.973, TIME: 62.6s
[24-07-17 22:49:52-INFO] 
|dataset | ACC | SEN | SPE | PRE | F1  |
|  VAL   |0.973|0.931|0.997|0.935|0.919|
[24-07-17 22:52:27-INFO] 

EPOCH: 97, LOSS : 1.074, LR: 4.49e-04
[24-07-17 22:52:27-INFO] ACC: 0.979, TIME: 154.7s
[24-07-17 22:52:27-INFO] 
|dataset | ACC | SEN | SPE | PRE | F1  |
| TRAIN  |0.979|0.849|0.998|0.942|0.888|
[24-07-17 22:53:29-INFO] ACC: 0.978, TIME: 62.2s
[24-07-17 22:53:29-INFO] 
|dataset | ACC | SEN | SPE | PRE | F1  |
|  VAL   |0.978|0.939|0.997|0.942|0.923|
[24-07-17 22:56:03-INFO] 

EPOCH: 98, LOSS : 1.070, LR: 4.41e-04
[24-07-17 22:56:03-INFO] ACC: 0.981, TIME: 154.5s
[24-07-17 22:56:03-INFO] 
|dataset | ACC | SEN | SPE | PRE | F1  |
| TRAIN  |0.981|0.884|0.998|0.977|0.923|
[24-07-17 22:57:06-INFO] ACC: 0.978, TIME: 62.4s
[24-07-17 22:57:06-INFO] 
|dataset | ACC | SEN | SPE | PRE | F1  |
|  VAL   |0.978|0.933|0.997|0.940|0.923|
[24-07-17 22:59:40-INFO] 

EPOCH: 99, LOSS : 1.075, LR: 4.32e-04
[24-07-17 22:59:40-INFO] ACC: 0.979, TIME: 154.5s
[24-07-17 22:59:40-INFO] 
|dataset | ACC | SEN | SPE | PRE | F1  |
| TRAIN  |0.979|0.851|0.998|0.950|0.893|
[24-07-17 23:00:43-INFO] ACC: 0.984, TIME: 62.4s
[24-07-17 23:00:43-INFO] 
|dataset | ACC | SEN | SPE | PRE | F1  |
|  VAL   |0.984|0.967|0.998|0.942|0.944|
[24-07-17 23:03:17-INFO] 

EPOCH: 100, LOSS : 1.071, LR: 4.24e-04
[24-07-17 23:03:17-INFO] ACC: 0.981, TIME: 154.5s
[24-07-17 23:03:17-INFO] 
|dataset | ACC | SEN | SPE | PRE | F1  |
| TRAIN  |0.981|0.896|0.998|0.962|0.927|
[24-07-17 23:04:20-INFO] ACC: 0.973, TIME: 62.4s
[24-07-17 23:04:20-INFO] 
|dataset | ACC | SEN | SPE | PRE | F1  |
|  VAL   |0.973|0.931|0.997|0.938|0.921|
[24-07-17 23:06:54-INFO] 

EPOCH: 101, LOSS : 1.070, LR: 4.15e-04
[24-07-17 23:06:54-INFO] ACC: 0.979, TIME: 154.5s
[24-07-17 23:06:54-INFO] 
|dataset | ACC | SEN | SPE | PRE | F1  |
| TRAIN  |0.979|0.875|0.998|0.940|0.901|
[24-07-17 23:07:56-INFO] ACC: 0.978, TIME: 62.4s
[24-07-17 23:07:56-INFO] 
|dataset | ACC | SEN | SPE | PRE | F1  |
|  VAL   |0.978|0.931|0.997|0.943|0.923|
[24-07-17 23:10:31-INFO] 

EPOCH: 102, LOSS : 1.067, LR: 4.06e-04
[24-07-17 23:10:31-INFO] ACC: 0.981, TIME: 154.3s
[24-07-17 23:10:31-INFO] 
|dataset | ACC | SEN | SPE | PRE | F1  |
| TRAIN  |0.981|0.895|0.998|0.959|0.923|
[24-07-17 23:11:33-INFO] ACC: 0.973, TIME: 62.4s
[24-07-17 23:11:33-INFO] 
|dataset | ACC | SEN | SPE | PRE | F1  |
|  VAL   |0.973|0.897|0.996|0.942|0.893|
[24-07-17 23:14:08-INFO] 

EPOCH: 103, LOSS : 1.065, LR: 3.98e-04
[24-07-17 23:14:08-INFO] ACC: 0.982, TIME: 154.5s
[24-07-17 23:14:08-INFO] 
|dataset | ACC | SEN | SPE | PRE | F1  |
| TRAIN  |0.982|0.880|0.998|0.965|0.917|
[24-07-17 23:15:10-INFO] ACC: 0.967, TIME: 62.2s
[24-07-17 23:15:10-INFO] 
|dataset | ACC | SEN | SPE | PRE | F1  |
|  VAL   |0.967|0.927|0.996|0.904|0.905|
[24-07-17 23:17:44-INFO] 

EPOCH: 104, LOSS : 1.066, LR: 3.89e-04
[24-07-17 23:17:44-INFO] ACC: 0.982, TIME: 154.4s
[24-07-17 23:17:44-INFO] 
|dataset | ACC | SEN | SPE | PRE | F1  |
| TRAIN  |0.982|0.886|0.998|0.959|0.919|
[24-07-17 23:18:47-INFO] ACC: 0.962, TIME: 62.3s
[24-07-17 23:18:47-INFO] 
|dataset | ACC | SEN | SPE | PRE | F1  |
|  VAL   |0.962|0.861|0.994|0.838|0.839|
[24-07-17 23:21:21-INFO] 

EPOCH: 105, LOSS : 1.065, LR: 3.81e-04
[24-07-17 23:21:21-INFO] ACC: 0.983, TIME: 154.3s
[24-07-17 23:21:21-INFO] 
|dataset | ACC | SEN | SPE | PRE | F1  |
| TRAIN  |0.983|0.874|0.999|0.954|0.909|
[24-07-17 23:22:23-INFO] ACC: 0.978, TIME: 62.4s
[24-07-17 23:22:23-INFO] 
|dataset | ACC | SEN | SPE | PRE | F1  |
|  VAL   |0.978|0.933|0.997|0.943|0.925|
[24-07-17 23:24:58-INFO] 

EPOCH: 106, LOSS : 1.070, LR: 3.72e-04
[24-07-17 23:24:58-INFO] ACC: 0.980, TIME: 154.3s
[24-07-17 23:24:58-INFO] 
|dataset | ACC | SEN | SPE | PRE | F1  |
| TRAIN  |0.980|0.892|0.998|0.971|0.927|
[24-07-17 23:26:00-INFO] ACC: 0.973, TIME: 62.4s
[24-07-17 23:26:00-INFO] 
|dataset | ACC | SEN | SPE | PRE | F1  |
|  VAL   |0.973|0.897|0.996|0.942|0.893|
[24-07-17 23:28:35-INFO] 

EPOCH: 107, LOSS : 1.064, LR: 3.64e-04
[24-07-17 23:28:35-INFO] ACC: 0.982, TIME: 154.5s
[24-07-17 23:28:35-INFO] 
|dataset | ACC | SEN | SPE | PRE | F1  |
| TRAIN  |0.982|0.892|0.998|0.969|0.922|
[24-07-17 23:29:37-INFO] ACC: 0.967, TIME: 62.4s
[24-07-17 23:29:37-INFO] 
|dataset | ACC | SEN | SPE | PRE | F1  |
|  VAL   |0.967|0.754|0.996|0.782|0.766|
[24-07-17 23:32:12-INFO] 

EPOCH: 108, LOSS : 1.065, LR: 3.56e-04
[24-07-17 23:32:12-INFO] ACC: 0.983, TIME: 154.7s
[24-07-17 23:32:12-INFO] 
|dataset | ACC | SEN | SPE | PRE | F1  |
| TRAIN  |0.983|0.870|0.998|0.971|0.913|
[24-07-17 23:33:14-INFO] ACC: 0.967, TIME: 62.3s
[24-07-17 23:33:14-INFO] 
|dataset | ACC | SEN | SPE | PRE | F1  |
|  VAL   |0.967|0.729|0.996|0.768|0.745|
[24-07-17 23:35:48-INFO] 

EPOCH: 109, LOSS : 1.059, LR: 3.47e-04
[24-07-17 23:35:48-INFO] ACC: 0.985, TIME: 154.3s
[24-07-17 23:35:48-INFO] 
|dataset | ACC | SEN | SPE | PRE | F1  |
| TRAIN  |0.985|0.908|0.999|0.970|0.936|
[24-07-17 23:36:50-INFO] ACC: 0.967, TIME: 62.2s
[24-07-17 23:36:50-INFO] 
|dataset | ACC | SEN | SPE | PRE | F1  |
|  VAL   |0.967|0.896|0.996|0.892|0.882|
[24-07-17 23:39:25-INFO] 

EPOCH: 110, LOSS : 1.066, LR: 3.39e-04
[24-07-17 23:39:25-INFO] ACC: 0.982, TIME: 154.5s
[24-07-17 23:39:25-INFO] 
|dataset | ACC | SEN | SPE | PRE | F1  |
| TRAIN  |0.982|0.897|0.998|0.975|0.932|
[24-07-17 23:40:27-INFO] ACC: 0.978, TIME: 62.4s
[24-07-17 23:40:27-INFO] 
|dataset | ACC | SEN | SPE | PRE | F1  |
|  VAL   |0.978|0.931|0.997|0.943|0.923|
[24-07-17 23:43:02-INFO] 

EPOCH: 111, LOSS : 1.063, LR: 3.31e-04
[24-07-17 23:43:02-INFO] ACC: 0.983, TIME: 154.5s
[24-07-17 23:43:02-INFO] 
|dataset | ACC | SEN | SPE | PRE | F1  |
| TRAIN  |0.983|0.882|0.999|0.961|0.918|
[24-07-17 23:44:04-INFO] ACC: 0.962, TIME: 62.4s
[24-07-17 23:44:04-INFO] 
|dataset | ACC | SEN | SPE | PRE | F1  |
|  VAL   |0.962|0.842|0.994|0.838|0.823|
[24-07-17 23:46:39-INFO] 

EPOCH: 112, LOSS : 1.061, LR: 3.23e-04
[24-07-17 23:46:39-INFO] ACC: 0.984, TIME: 154.3s
[24-07-17 23:46:39-INFO] 
|dataset | ACC | SEN | SPE | PRE | F1  |
| TRAIN  |0.984|0.888|0.999|0.967|0.924|
[24-07-17 23:47:41-INFO] ACC: 0.962, TIME: 62.6s
[24-07-17 23:47:41-INFO] 
|dataset | ACC | SEN | SPE | PRE | F1  |
|  VAL   |0.962|0.765|0.995|0.752|0.736|
[24-07-17 23:50:16-INFO] 

EPOCH: 113, LOSS : 1.061, LR: 3.15e-04
[24-07-17 23:50:16-INFO] ACC: 0.984, TIME: 154.7s
[24-07-17 23:50:16-INFO] 
|dataset | ACC | SEN | SPE | PRE | F1  |
| TRAIN  |0.984|0.902|0.999|0.973|0.935|
[24-07-17 23:51:18-INFO] ACC: 0.967, TIME: 62.4s
[24-07-17 23:51:18-INFO] 
|dataset | ACC | SEN | SPE | PRE | F1  |
|  VAL   |0.967|0.927|0.996|0.907|0.906|
[24-07-17 23:53:53-INFO] 

EPOCH: 114, LOSS : 1.061, LR: 3.07e-04
[24-07-17 23:53:53-INFO] ACC: 0.984, TIME: 154.5s
[24-07-17 23:53:53-INFO] 
|dataset | ACC | SEN | SPE | PRE | F1  |
| TRAIN  |0.984|0.918|0.998|0.975|0.944|
[24-07-17 23:54:55-INFO] ACC: 0.962, TIME: 62.4s
[24-07-17 23:54:55-INFO] 
|dataset | ACC | SEN | SPE | PRE | F1  |
|  VAL   |0.962|0.825|0.995|0.810|0.806|
[24-07-17 23:57:30-INFO] 

EPOCH: 115, LOSS : 1.061, LR: 2.99e-04
[24-07-17 23:57:30-INFO] ACC: 0.984, TIME: 154.7s
[24-07-17 23:57:30-INFO] 
|dataset | ACC | SEN | SPE | PRE | F1  |
| TRAIN  |0.984|0.892|0.999|0.968|0.924|
[24-07-17 23:58:32-INFO] ACC: 0.967, TIME: 62.4s
[24-07-17 23:58:32-INFO] 
|dataset | ACC | SEN | SPE | PRE | F1  |
|  VAL   |0.967|0.895|0.995|0.939|0.890|
[24-07-18 00:01:07-INFO] 

EPOCH: 116, LOSS : 1.066, LR: 2.91e-04
[24-07-18 00:01:07-INFO] ACC: 0.983, TIME: 154.7s
[24-07-18 00:01:07-INFO] 
|dataset | ACC | SEN | SPE | PRE | F1  |
| TRAIN  |0.983|0.913|0.998|0.968|0.938|
[24-07-18 00:02:10-INFO] ACC: 0.962, TIME: 62.4s
[24-07-18 00:02:10-INFO] 
|dataset | ACC | SEN | SPE | PRE | F1  |
|  VAL   |0.962|0.803|0.995|0.836|0.799|
[24-07-18 00:04:44-INFO] 

EPOCH: 117, LOSS : 1.060, LR: 2.83e-04
[24-07-18 00:04:44-INFO] ACC: 0.984, TIME: 154.5s
[24-07-18 00:04:44-INFO] 
|dataset | ACC | SEN | SPE | PRE | F1  |
| TRAIN  |0.984|0.916|0.999|0.980|0.946|
[24-07-18 00:05:46-INFO] ACC: 0.973, TIME: 62.2s
[24-07-18 00:05:46-INFO] 
|dataset | ACC | SEN | SPE | PRE | F1  |
|  VAL   |0.973|0.932|0.997|0.910|0.911|
[24-07-18 00:08:21-INFO] 

EPOCH: 118, LOSS : 1.061, LR: 2.75e-04
[24-07-18 00:08:21-INFO] ACC: 0.983, TIME: 154.5s
[24-07-18 00:08:21-INFO] 
|dataset | ACC | SEN | SPE | PRE | F1  |
| TRAIN  |0.983|0.888|0.999|0.966|0.922|
[24-07-18 00:09:23-INFO] ACC: 0.967, TIME: 62.4s
[24-07-18 00:09:23-INFO] 
|dataset | ACC | SEN | SPE | PRE | F1  |
|  VAL   |0.967|0.927|0.996|0.907|0.906|
[24-07-18 00:11:57-INFO] 

EPOCH: 119, LOSS : 1.053, LR: 2.67e-04
[24-07-18 00:11:57-INFO] ACC: 0.986, TIME: 154.3s
[24-07-18 00:11:57-INFO] 
|dataset | ACC | SEN | SPE | PRE | F1  |
| TRAIN  |0.986|0.947|0.999|0.962|0.954|
[24-07-18 00:13:00-INFO] ACC: 0.967, TIME: 62.4s
[24-07-18 00:13:00-INFO] 
|dataset | ACC | SEN | SPE | PRE | F1  |
|  VAL   |0.967|0.872|0.995|0.940|0.872|
[24-07-18 00:15:35-INFO] 

EPOCH: 120, LOSS : 1.058, LR: 2.60e-04
[24-07-18 00:15:35-INFO] ACC: 0.985, TIME: 154.7s
[24-07-18 00:15:35-INFO] 
|dataset | ACC | SEN | SPE | PRE | F1  |
| TRAIN  |0.985|0.885|0.999|0.970|0.921|
[24-07-18 00:16:37-INFO] ACC: 0.973, TIME: 62.4s
[24-07-18 00:16:37-INFO] 
|dataset | ACC | SEN | SPE | PRE | F1  |
|  VAL   |0.973|0.902|0.996|0.895|0.886|
[24-07-18 00:19:12-INFO] 

EPOCH: 121, LOSS : 1.057, LR: 2.52e-04
[24-07-18 00:19:12-INFO] ACC: 0.986, TIME: 154.5s
[24-07-18 00:19:12-INFO] 
|dataset | ACC | SEN | SPE | PRE | F1  |
| TRAIN  |0.986|0.937|0.999|0.967|0.951|
[24-07-18 00:20:14-INFO] ACC: 0.967, TIME: 62.4s
[24-07-18 00:20:14-INFO] 
|dataset | ACC | SEN | SPE | PRE | F1  |
|  VAL   |0.967|0.927|0.996|0.904|0.905|
[24-07-18 00:22:48-INFO] 

EPOCH: 122, LOSS : 1.054, LR: 2.45e-04
[24-07-18 00:22:48-INFO] ACC: 0.986, TIME: 154.3s
[24-07-18 00:22:48-INFO] 
|dataset | ACC | SEN | SPE | PRE | F1  |
| TRAIN  |0.986|0.900|0.999|0.968|0.930|
[24-07-18 00:23:51-INFO] ACC: 0.962, TIME: 62.4s
[24-07-18 00:23:51-INFO] 
|dataset | ACC | SEN | SPE | PRE | F1  |
|  VAL   |0.962|0.772|0.995|0.837|0.771|
[24-07-18 00:26:25-INFO] 

EPOCH: 123, LOSS : 1.056, LR: 2.37e-04
[24-07-18 00:26:25-INFO] ACC: 0.985, TIME: 154.3s
[24-07-18 00:26:25-INFO] 
|dataset | ACC | SEN | SPE | PRE | F1  |
| TRAIN  |0.985|0.904|0.999|0.972|0.935|
[24-07-18 00:27:27-INFO] ACC: 0.978, TIME: 62.4s
[24-07-18 00:27:27-INFO] 
|dataset | ACC | SEN | SPE | PRE | F1  |
|  VAL   |0.978|0.903|0.997|0.945|0.897|
[24-07-18 00:30:02-INFO] 

EPOCH: 124, LOSS : 1.056, LR: 2.30e-04
[24-07-18 00:30:02-INFO] ACC: 0.984, TIME: 154.6s
[24-07-18 00:30:02-INFO] 
|dataset | ACC | SEN | SPE | PRE | F1  |
| TRAIN  |0.984|0.932|0.999|0.977|0.953|
[24-07-18 00:31:04-INFO] ACC: 0.973, TIME: 62.4s
[24-07-18 00:31:04-INFO] 
|dataset | ACC | SEN | SPE | PRE | F1  |
|  VAL   |0.973|0.897|0.996|0.942|0.892|
[24-07-18 00:33:39-INFO] 

EPOCH: 125, LOSS : 1.059, LR: 2.23e-04
[24-07-18 00:33:39-INFO] ACC: 0.984, TIME: 154.3s
[24-07-18 00:33:39-INFO] 
|dataset | ACC | SEN | SPE | PRE | F1  |
| TRAIN  |0.984|0.915|0.999|0.965|0.938|
[24-07-18 00:34:41-INFO] ACC: 0.967, TIME: 62.2s
[24-07-18 00:34:41-INFO] 
|dataset | ACC | SEN | SPE | PRE | F1  |
|  VAL   |0.967|0.897|0.996|0.889|0.858|
[24-07-18 00:37:15-INFO] 

EPOCH: 126, LOSS : 1.058, LR: 2.16e-04
[24-07-18 00:37:15-INFO] ACC: 0.985, TIME: 154.3s
[24-07-18 00:37:15-INFO] 
|dataset | ACC | SEN | SPE | PRE | F1  |
| TRAIN  |0.985|0.894|0.999|0.976|0.929|
[24-07-18 00:38:18-INFO] ACC: 0.962, TIME: 62.4s
[24-07-18 00:38:18-INFO] 
|dataset | ACC | SEN | SPE | PRE | F1  |
|  VAL   |0.962|0.870|0.995|0.937|0.869|
[24-07-18 00:40:52-INFO] 

EPOCH: 127, LOSS : 1.056, LR: 2.08e-04
[24-07-18 00:40:52-INFO] ACC: 0.986, TIME: 154.3s
[24-07-18 00:40:52-INFO] 
|dataset | ACC | SEN | SPE | PRE | F1  |
| TRAIN  |0.986|0.927|0.999|0.985|0.954|
[24-07-18 00:41:54-INFO] ACC: 0.956, TIME: 62.4s
[24-07-18 00:41:54-INFO] 
|dataset | ACC | SEN | SPE | PRE | F1  |
|  VAL   |0.956|0.865|0.994|0.887|0.857|
[24-07-18 00:44:29-INFO] 

EPOCH: 128, LOSS : 1.054, LR: 2.01e-04
[24-07-18 00:44:29-INFO] ACC: 0.985, TIME: 154.3s
[24-07-18 00:44:29-INFO] 
|dataset | ACC | SEN | SPE | PRE | F1  |
| TRAIN  |0.985|0.913|0.999|0.965|0.937|
[24-07-18 00:45:31-INFO] ACC: 0.962, TIME: 62.2s
[24-07-18 00:45:31-INFO] 
|dataset | ACC | SEN | SPE | PRE | F1  |
|  VAL   |0.962|0.827|0.995|0.782|0.796|
[24-07-18 00:48:06-INFO] 

EPOCH: 129, LOSS : 1.052, LR: 1.95e-04
[24-07-18 00:48:06-INFO] ACC: 0.986, TIME: 154.7s
[24-07-18 00:48:06-INFO] 
|dataset | ACC | SEN | SPE | PRE | F1  |
| TRAIN  |0.986|0.924|0.999|0.986|0.952|
[24-07-18 00:49:08-INFO] ACC: 0.967, TIME: 62.2s
[24-07-18 00:49:08-INFO] 
|dataset | ACC | SEN | SPE | PRE | F1  |
|  VAL   |0.967|0.927|0.996|0.907|0.906|
[24-07-18 00:51:42-INFO] 

EPOCH: 130, LOSS : 1.053, LR: 1.88e-04
[24-07-18 00:51:42-INFO] ACC: 0.986, TIME: 154.7s
[24-07-18 00:51:42-INFO] 
|dataset | ACC | SEN | SPE | PRE | F1  |
| TRAIN  |0.986|0.952|0.999|0.984|0.967|
[24-07-18 00:52:45-INFO] ACC: 0.962, TIME: 62.4s
[24-07-18 00:52:45-INFO] 
|dataset | ACC | SEN | SPE | PRE | F1  |
|  VAL   |0.962|0.861|0.994|0.838|0.839|
[24-07-18 00:55:19-INFO] 

EPOCH: 131, LOSS : 1.054, LR: 1.81e-04
[24-07-18 00:55:19-INFO] ACC: 0.986, TIME: 154.1s
[24-07-18 00:55:19-INFO] 
|dataset | ACC | SEN | SPE | PRE | F1  |
| TRAIN  |0.986|0.915|0.999|0.975|0.942|
[24-07-18 00:56:21-INFO] ACC: 0.962, TIME: 62.2s
[24-07-18 00:56:21-INFO] 
|dataset | ACC | SEN | SPE | PRE | F1  |
|  VAL   |0.962|0.842|0.994|0.838|0.823|
[24-07-18 00:58:56-INFO] 

EPOCH: 132, LOSS : 1.055, LR: 1.74e-04
[24-07-18 00:58:56-INFO] ACC: 0.987, TIME: 154.5s
[24-07-18 00:58:56-INFO] 
|dataset | ACC | SEN | SPE | PRE | F1  |
| TRAIN  |0.987|0.925|0.999|0.964|0.943|
[24-07-18 00:59:58-INFO] ACC: 0.967, TIME: 62.2s
[24-07-18 00:59:58-INFO] 
|dataset | ACC | SEN | SPE | PRE | F1  |
|  VAL   |0.967|0.899|0.996|0.892|0.883|
[24-07-18 01:02:33-INFO] 

EPOCH: 133, LOSS : 1.051, LR: 1.68e-04
[24-07-18 01:02:33-INFO] ACC: 0.988, TIME: 154.8s
[24-07-18 01:02:33-INFO] 
|dataset | ACC | SEN | SPE | PRE | F1  |
| TRAIN  |0.988|0.926|0.999|0.972|0.947|
[24-07-18 01:03:35-INFO] ACC: 0.967, TIME: 62.2s
[24-07-18 01:03:35-INFO] 
|dataset | ACC | SEN | SPE | PRE | F1  |
|  VAL   |0.967|0.868|0.995|0.844|0.846|
[24-07-18 01:06:09-INFO] 

EPOCH: 134, LOSS : 1.054, LR: 1.62e-04
[24-07-18 01:06:09-INFO] ACC: 0.987, TIME: 154.5s
[24-07-18 01:06:09-INFO] 
|dataset | ACC | SEN | SPE | PRE | F1  |
| TRAIN  |0.987|0.942|0.999|0.980|0.960|
[24-07-18 01:07:12-INFO] ACC: 0.962, TIME: 62.6s
[24-07-18 01:07:12-INFO] 
|dataset | ACC | SEN | SPE | PRE | F1  |
|  VAL   |0.962|0.767|0.995|0.735|0.741|
[24-07-18 01:09:46-INFO] 

EPOCH: 135, LOSS : 1.054, LR: 1.55e-04
[24-07-18 01:09:47-INFO] ACC: 0.987, TIME: 154.5s
[24-07-18 01:09:47-INFO] 
|dataset | ACC | SEN | SPE | PRE | F1  |
| TRAIN  |0.987|0.898|0.999|0.956|0.924|
[24-07-18 01:10:49-INFO] ACC: 0.962, TIME: 62.4s
[24-07-18 01:10:49-INFO] 
|dataset | ACC | SEN | SPE | PRE | F1  |
|  VAL   |0.962|0.863|0.995|0.841|0.841|
[24-07-18 01:13:23-INFO] 

EPOCH: 136, LOSS : 1.056, LR: 1.49e-04
[24-07-18 01:13:23-INFO] ACC: 0.986, TIME: 154.3s
[24-07-18 01:13:23-INFO] 
|dataset | ACC | SEN | SPE | PRE | F1  |
| TRAIN  |0.986|0.922|0.999|0.976|0.947|
[24-07-18 01:14:25-INFO] ACC: 0.956, TIME: 62.2s
[24-07-18 01:14:25-INFO] 
|dataset | ACC | SEN | SPE | PRE | F1  |
|  VAL   |0.956|0.763|0.994|0.738|0.740|
[24-07-18 01:17:00-INFO] 

EPOCH: 137, LOSS : 1.049, LR: 1.43e-04
[24-07-18 01:17:00-INFO] ACC: 0.988, TIME: 154.3s
[24-07-18 01:17:00-INFO] 
|dataset | ACC | SEN | SPE | PRE | F1  |
| TRAIN  |0.988|0.927|0.999|0.983|0.951|
[24-07-18 01:18:02-INFO] ACC: 0.956, TIME: 62.4s
[24-07-18 01:18:02-INFO] 
|dataset | ACC | SEN | SPE | PRE | F1  |
|  VAL   |0.956|0.836|0.994|0.836|0.819|
[24-07-18 01:20:37-INFO] 

EPOCH: 138, LOSS : 1.053, LR: 1.37e-04
[24-07-18 01:20:37-INFO] ACC: 0.986, TIME: 154.5s
[24-07-18 01:20:37-INFO] 
|dataset | ACC | SEN | SPE | PRE | F1  |
| TRAIN  |0.986|0.926|0.999|0.978|0.950|
[24-07-18 01:21:39-INFO] ACC: 0.962, TIME: 62.2s
[24-07-18 01:21:39-INFO] 
|dataset | ACC | SEN | SPE | PRE | F1  |
|  VAL   |0.962|0.839|0.994|0.838|0.822|
[24-07-18 01:24:13-INFO] 

EPOCH: 139, LOSS : 1.048, LR: 1.31e-04
[24-07-18 01:24:13-INFO] ACC: 0.989, TIME: 154.5s
[24-07-18 01:24:13-INFO] 
|dataset | ACC | SEN | SPE | PRE | F1  |
| TRAIN  |0.989|0.924|0.999|0.982|0.948|
[24-07-18 01:25:16-INFO] ACC: 0.951, TIME: 62.6s
[24-07-18 01:25:16-INFO] 
|dataset | ACC | SEN | SPE | PRE | F1  |
|  VAL   |0.951|0.741|0.993|0.705|0.713|
[24-07-18 01:27:50-INFO] 

EPOCH: 140, LOSS : 1.050, LR: 1.25e-04
[24-07-18 01:27:50-INFO] ACC: 0.987, TIME: 154.3s
[24-07-18 01:27:50-INFO] 
|dataset | ACC | SEN | SPE | PRE | F1  |
| TRAIN  |0.987|0.946|0.999|0.980|0.962|
[24-07-18 01:28:53-INFO] ACC: 0.956, TIME: 62.4s
[24-07-18 01:28:53-INFO] 
|dataset | ACC | SEN | SPE | PRE | F1  |
|  VAL   |0.956|0.841|0.994|0.838|0.823|
[24-07-18 01:31:27-INFO] 

EPOCH: 141, LOSS : 1.049, LR: 1.20e-04
[24-07-18 01:31:27-INFO] ACC: 0.988, TIME: 154.3s
[24-07-18 01:31:27-INFO] 
|dataset | ACC | SEN | SPE | PRE | F1  |
| TRAIN  |0.988|0.927|0.999|0.982|0.952|
[24-07-18 01:32:29-INFO] ACC: 0.951, TIME: 62.4s
[24-07-18 01:32:29-INFO] 
|dataset | ACC | SEN | SPE | PRE | F1  |
|  VAL   |0.951|0.741|0.993|0.705|0.713|
[24-07-18 01:35:04-INFO] 

EPOCH: 142, LOSS : 1.051, LR: 1.14e-04
[24-07-18 01:35:04-INFO] ACC: 0.988, TIME: 154.3s
[24-07-18 01:35:04-INFO] 
|dataset | ACC | SEN | SPE | PRE | F1  |
| TRAIN  |0.988|0.934|0.999|0.981|0.956|
[24-07-18 01:36:06-INFO] ACC: 0.962, TIME: 62.4s
[24-07-18 01:36:06-INFO] 
|dataset | ACC | SEN | SPE | PRE | F1  |
|  VAL   |0.962|0.842|0.994|0.838|0.823|
[24-07-18 01:38:41-INFO] 

EPOCH: 143, LOSS : 1.052, LR: 1.09e-04
[24-07-18 01:38:41-INFO] ACC: 0.987, TIME: 154.7s
[24-07-18 01:38:41-INFO] 
|dataset | ACC | SEN | SPE | PRE | F1  |
| TRAIN  |0.987|0.925|0.999|0.967|0.944|
[24-07-18 01:39:43-INFO] ACC: 0.945, TIME: 62.4s
[24-07-18 01:39:43-INFO] 
|dataset | ACC | SEN | SPE | PRE | F1  |
|  VAL   |0.945|0.735|0.993|0.702|0.709|
[24-07-18 01:42:18-INFO] 

EPOCH: 144, LOSS : 1.050, LR: 1.03e-04
[24-07-18 01:42:18-INFO] ACC: 0.988, TIME: 154.5s
[24-07-18 01:42:18-INFO] 
|dataset | ACC | SEN | SPE | PRE | F1  |
| TRAIN  |0.988|0.920|0.999|0.976|0.945|
[24-07-18 01:43:20-INFO] ACC: 0.951, TIME: 62.0s
[24-07-18 01:43:20-INFO] 
|dataset | ACC | SEN | SPE | PRE | F1  |
|  VAL   |0.951|0.741|0.993|0.705|0.713|
[24-07-18 01:45:54-INFO] 

EPOCH: 145, LOSS : 1.052, LR: 9.82e-05
[24-07-18 01:45:54-INFO] ACC: 0.987, TIME: 154.3s
[24-07-18 01:45:54-INFO] 
|dataset | ACC | SEN | SPE | PRE | F1  |
| TRAIN  |0.987|0.955|0.999|0.968|0.961|
[24-07-18 01:46:57-INFO] ACC: 0.962, TIME: 62.4s
[24-07-18 01:46:57-INFO] 
|dataset | ACC | SEN | SPE | PRE | F1  |
|  VAL   |0.962|0.767|0.995|0.716|0.733|
[24-07-18 01:49:31-INFO] 

EPOCH: 146, LOSS : 1.046, LR: 9.32e-05
[24-07-18 01:49:31-INFO] ACC: 0.989, TIME: 154.5s
[24-07-18 01:49:31-INFO] 
|dataset | ACC | SEN | SPE | PRE | F1  |
| TRAIN  |0.989|0.941|0.999|0.974|0.957|
[24-07-18 01:50:33-INFO] ACC: 0.956, TIME: 62.4s
[24-07-18 01:50:33-INFO] 
|dataset | ACC | SEN | SPE | PRE | F1  |
|  VAL   |0.956|0.742|0.994|0.705|0.714|
[24-07-18 01:53:08-INFO] 

EPOCH: 147, LOSS : 1.048, LR: 8.82e-05
[24-07-18 01:53:08-INFO] ACC: 0.987, TIME: 154.6s
[24-07-18 01:53:08-INFO] 
|dataset | ACC | SEN | SPE | PRE | F1  |
| TRAIN  |0.987|0.932|0.999|0.988|0.956|
[24-07-18 01:54:10-INFO] ACC: 0.962, TIME: 62.4s
[24-07-18 01:54:10-INFO] 
|dataset | ACC | SEN | SPE | PRE | F1  |
|  VAL   |0.962|0.842|0.994|0.838|0.823|
[24-07-18 01:56:45-INFO] 

EPOCH: 148, LOSS : 1.051, LR: 8.34e-05
[24-07-18 01:56:45-INFO] ACC: 0.988, TIME: 154.3s
[24-07-18 01:56:45-INFO] 
|dataset | ACC | SEN | SPE | PRE | F1  |
| TRAIN  |0.988|0.939|0.999|0.972|0.953|
[24-07-18 01:57:47-INFO] ACC: 0.962, TIME: 62.4s
[24-07-18 01:57:47-INFO] 
|dataset | ACC | SEN | SPE | PRE | F1  |
|  VAL   |0.962|0.767|0.995|0.716|0.733|
[24-07-18 02:00:22-INFO] 

EPOCH: 149, LOSS : 1.050, LR: 7.87e-05
[24-07-18 02:00:22-INFO] ACC: 0.987, TIME: 155.0s
[24-07-18 02:00:22-INFO] 
|dataset | ACC | SEN | SPE | PRE | F1  |
| TRAIN  |0.987|0.921|0.999|0.985|0.949|
[24-07-18 02:01:25-INFO] ACC: 0.962, TIME: 62.5s
[24-07-18 02:01:25-INFO] 
|dataset | ACC | SEN | SPE | PRE | F1  |
|  VAL   |0.962|0.842|0.994|0.838|0.823|
[24-07-18 02:03:59-INFO] 

EPOCH: 150, LOSS : 1.050, LR: 7.42e-05
[24-07-18 02:03:59-INFO] ACC: 0.988, TIME: 154.3s
[24-07-18 02:03:59-INFO] 
|dataset | ACC | SEN | SPE | PRE | F1  |
| TRAIN  |0.988|0.953|0.999|0.981|0.966|
[24-07-18 02:05:01-INFO] ACC: 0.962, TIME: 62.4s
[24-07-18 02:05:01-INFO] 
|dataset | ACC | SEN | SPE | PRE | F1  |
|  VAL   |0.962|0.842|0.994|0.838|0.823|
[24-07-18 02:07:36-INFO] 

EPOCH: 151, LOSS : 1.049, LR: 6.98e-05
[24-07-18 02:07:36-INFO] ACC: 0.987, TIME: 154.5s
[24-07-18 02:07:36-INFO] 
|dataset | ACC | SEN | SPE | PRE | F1  |
| TRAIN  |0.987|0.928|0.999|0.975|0.950|
[24-07-18 02:08:38-INFO] ACC: 0.967, TIME: 62.2s
[24-07-18 02:08:38-INFO] 
|dataset | ACC | SEN | SPE | PRE | F1  |
|  VAL   |0.967|0.844|0.995|0.841|0.826|
[24-07-18 02:11:13-INFO] 

EPOCH: 152, LOSS : 1.049, LR: 6.55e-05
[24-07-18 02:11:13-INFO] ACC: 0.988, TIME: 154.5s
[24-07-18 02:11:13-INFO] 
|dataset | ACC | SEN | SPE | PRE | F1  |
| TRAIN  |0.988|0.936|0.999|0.986|0.958|
[24-07-18 02:12:15-INFO] ACC: 0.967, TIME: 62.4s
[24-07-18 02:12:15-INFO] 
|dataset | ACC | SEN | SPE | PRE | F1  |
|  VAL   |0.967|0.844|0.995|0.841|0.826|
[24-07-18 02:14:49-INFO] 

EPOCH: 153, LOSS : 1.051, LR: 6.14e-05
[24-07-18 02:14:49-INFO] ACC: 0.987, TIME: 154.3s
[24-07-18 02:14:49-INFO] 
|dataset | ACC | SEN | SPE | PRE | F1  |
| TRAIN  |0.987|0.918|0.999|0.987|0.949|
[24-07-18 02:15:52-INFO] ACC: 0.962, TIME: 62.4s
[24-07-18 02:15:52-INFO] 
|dataset | ACC | SEN | SPE | PRE | F1  |
|  VAL   |0.962|0.842|0.994|0.838|0.823|
[24-07-18 02:18:26-INFO] 

EPOCH: 154, LOSS : 1.048, LR: 5.73e-05
[24-07-18 02:18:26-INFO] ACC: 0.988, TIME: 154.5s
[24-07-18 02:18:26-INFO] 
|dataset | ACC | SEN | SPE | PRE | F1  |
| TRAIN  |0.988|0.928|0.999|0.976|0.950|
[24-07-18 02:19:28-INFO] ACC: 0.962, TIME: 62.2s
[24-07-18 02:19:28-INFO] 
|dataset | ACC | SEN | SPE | PRE | F1  |
|  VAL   |0.962|0.744|0.995|0.708|0.716|
[24-07-18 02:22:03-INFO] 

EPOCH: 155, LOSS : 1.047, LR: 5.35e-05
[24-07-18 02:22:03-INFO] ACC: 0.989, TIME: 154.4s
[24-07-18 02:22:03-INFO] 
|dataset | ACC | SEN | SPE | PRE | F1  |
| TRAIN  |0.989|0.928|0.999|0.974|0.949|
[24-07-18 02:23:05-INFO] ACC: 0.956, TIME: 62.4s
[24-07-18 02:23:05-INFO] 
|dataset | ACC | SEN | SPE | PRE | F1  |
|  VAL   |0.956|0.742|0.994|0.705|0.714|
[24-07-18 02:25:40-INFO] 

EPOCH: 156, LOSS : 1.046, LR: 4.97e-05
[24-07-18 02:25:40-INFO] ACC: 0.988, TIME: 154.3s
[24-07-18 02:25:40-INFO] 
|dataset | ACC | SEN | SPE | PRE | F1  |
| TRAIN  |0.988|0.933|0.999|0.972|0.951|
[24-07-18 02:26:42-INFO] ACC: 0.956, TIME: 62.4s
[24-07-18 02:26:42-INFO] 
|dataset | ACC | SEN | SPE | PRE | F1  |
|  VAL   |0.956|0.742|0.994|0.705|0.714|
[24-07-18 02:29:16-INFO] 

EPOCH: 157, LOSS : 1.046, LR: 4.61e-05
[24-07-18 02:29:16-INFO] ACC: 0.989, TIME: 154.4s
[24-07-18 02:29:16-INFO] 
|dataset | ACC | SEN | SPE | PRE | F1  |
| TRAIN  |0.989|0.948|0.999|0.990|0.968|
[24-07-18 02:30:18-INFO] ACC: 0.967, TIME: 62.2s
[24-07-18 02:30:18-INFO] 
|dataset | ACC | SEN | SPE | PRE | F1  |
|  VAL   |0.967|0.844|0.995|0.841|0.826|
[24-07-18 02:32:53-INFO] 

EPOCH: 158, LOSS : 1.048, LR: 4.26e-05
[24-07-18 02:32:53-INFO] ACC: 0.989, TIME: 154.3s
[24-07-18 02:32:53-INFO] 
|dataset | ACC | SEN | SPE | PRE | F1  |
| TRAIN  |0.989|0.934|0.999|0.976|0.953|
[24-07-18 02:33:55-INFO] ACC: 0.956, TIME: 62.2s
[24-07-18 02:33:55-INFO] 
|dataset | ACC | SEN | SPE | PRE | F1  |
|  VAL   |0.956|0.742|0.994|0.705|0.714|
[24-07-18 02:36:29-INFO] 

EPOCH: 159, LOSS : 1.046, LR: 3.93e-05
[24-07-18 02:36:29-INFO] ACC: 0.988, TIME: 154.3s
[24-07-18 02:36:29-INFO] 
|dataset | ACC | SEN | SPE | PRE | F1  |
| TRAIN  |0.988|0.966|0.999|0.985|0.975|
[24-07-18 02:37:32-INFO] ACC: 0.962, TIME: 62.4s
[24-07-18 02:37:32-INFO] 
|dataset | ACC | SEN | SPE | PRE | F1  |
|  VAL   |0.962|0.744|0.994|0.738|0.725|
[24-07-18 02:40:06-INFO] 

EPOCH: 160, LOSS : 1.046, LR: 3.61e-05
[24-07-18 02:40:06-INFO] ACC: 0.989, TIME: 154.3s
[24-07-18 02:40:06-INFO] 
|dataset | ACC | SEN | SPE | PRE | F1  |
| TRAIN  |0.989|0.953|0.999|0.987|0.969|
[24-07-18 02:41:08-INFO] ACC: 0.962, TIME: 62.2s
[24-07-18 02:41:08-INFO] 
|dataset | ACC | SEN | SPE | PRE | F1  |
|  VAL   |0.962|0.767|0.995|0.716|0.733|
[24-07-18 02:43:43-INFO] 

EPOCH: 161, LOSS : 1.047, LR: 3.31e-05
[24-07-18 02:43:43-INFO] ACC: 0.989, TIME: 154.3s
[24-07-18 02:43:43-INFO] 
|dataset | ACC | SEN | SPE | PRE | F1  |
| TRAIN  |0.989|0.932|0.999|0.977|0.953|
[24-07-18 02:44:45-INFO] ACC: 0.956, TIME: 62.4s
[24-07-18 02:44:45-INFO] 
|dataset | ACC | SEN | SPE | PRE | F1  |
|  VAL   |0.956|0.742|0.994|0.705|0.714|
[24-07-18 02:47:20-INFO] 

EPOCH: 162, LOSS : 1.045, LR: 3.02e-05
[24-07-18 02:47:20-INFO] ACC: 0.989, TIME: 154.7s
[24-07-18 02:47:20-INFO] 
|dataset | ACC | SEN | SPE | PRE | F1  |
| TRAIN  |0.989|0.927|0.999|0.982|0.951|
[24-07-18 02:48:22-INFO] ACC: 0.962, TIME: 62.5s
[24-07-18 02:48:22-INFO] 
|dataset | ACC | SEN | SPE | PRE | F1  |
|  VAL   |0.962|0.842|0.994|0.838|0.823|
[24-07-18 02:50:57-INFO] 

EPOCH: 163, LOSS : 1.045, LR: 2.74e-05
[24-07-18 02:50:57-INFO] ACC: 0.989, TIME: 154.5s
[24-07-18 02:50:57-INFO] 
|dataset | ACC | SEN | SPE | PRE | F1  |
| TRAIN  |0.989|0.946|0.999|0.981|0.962|
[24-07-18 02:51:59-INFO] ACC: 0.967, TIME: 62.4s
[24-07-18 02:51:59-INFO] 
|dataset | ACC | SEN | SPE | PRE | F1  |
|  VAL   |0.967|0.769|0.995|0.719|0.736|
[24-07-18 02:54:33-INFO] 

EPOCH: 164, LOSS : 1.048, LR: 2.48e-05
[24-07-18 02:54:34-INFO] ACC: 0.988, TIME: 154.5s
[24-07-18 02:54:34-INFO] 
|dataset | ACC | SEN | SPE | PRE | F1  |
| TRAIN  |0.988|0.934|0.999|0.984|0.957|
[24-07-18 02:55:36-INFO] ACC: 0.973, TIME: 62.4s
[24-07-18 02:55:36-INFO] 
|dataset | ACC | SEN | SPE | PRE | F1  |
|  VAL   |0.973|0.869|0.996|0.844|0.846|
[24-07-18 02:58:10-INFO] 

EPOCH: 165, LOSS : 1.048, LR: 2.23e-05
[24-07-18 02:58:10-INFO] ACC: 0.987, TIME: 154.5s
[24-07-18 02:58:10-INFO] 
|dataset | ACC | SEN | SPE | PRE | F1  |
| TRAIN  |0.987|0.939|0.999|0.988|0.961|
[24-07-18 02:59:13-INFO] ACC: 0.967, TIME: 62.2s
[24-07-18 02:59:13-INFO] 
|dataset | ACC | SEN | SPE | PRE | F1  |
|  VAL   |0.967|0.867|0.995|0.841|0.844|
[24-07-18 03:01:47-INFO] 

EPOCH: 166, LOSS : 1.044, LR: 2.00e-05
[24-07-18 03:01:47-INFO] ACC: 0.990, TIME: 154.3s
[24-07-18 03:01:47-INFO] 
|dataset | ACC | SEN | SPE | PRE | F1  |
| TRAIN  |0.990|0.954|0.999|0.990|0.971|
[24-07-18 03:02:49-INFO] ACC: 0.956, TIME: 62.4s
[24-07-18 03:02:49-INFO] 
|dataset | ACC | SEN | SPE | PRE | F1  |
|  VAL   |0.956|0.742|0.994|0.705|0.714|
[24-07-18 03:05:24-INFO] 

EPOCH: 167, LOSS : 1.048, LR: 1.78e-05
[24-07-18 03:05:24-INFO] ACC: 0.988, TIME: 154.6s
[24-07-18 03:05:24-INFO] 
|dataset | ACC | SEN | SPE | PRE | F1  |
| TRAIN  |0.988|0.924|0.999|0.972|0.945|
[24-07-18 03:06:26-INFO] ACC: 0.962, TIME: 62.6s
[24-07-18 03:06:26-INFO] 
|dataset | ACC | SEN | SPE | PRE | F1  |
|  VAL   |0.962|0.842|0.994|0.838|0.823|
[24-07-18 03:09:01-INFO] 

EPOCH: 168, LOSS : 1.048, LR: 1.58e-05
[24-07-18 03:09:01-INFO] ACC: 0.988, TIME: 154.5s
[24-07-18 03:09:01-INFO] 
|dataset | ACC | SEN | SPE | PRE | F1  |
| TRAIN  |0.988|0.918|0.999|0.988|0.949|
[24-07-18 03:10:03-INFO] ACC: 0.956, TIME: 62.4s
[24-07-18 03:10:03-INFO] 
|dataset | ACC | SEN | SPE | PRE | F1  |
|  VAL   |0.956|0.742|0.994|0.705|0.714|
[24-07-18 03:12:38-INFO] 

EPOCH: 169, LOSS : 1.048, LR: 1.39e-05
[24-07-18 03:12:38-INFO] ACC: 0.989, TIME: 154.5s
[24-07-18 03:12:38-INFO] 
|dataset | ACC | SEN | SPE | PRE | F1  |
| TRAIN  |0.989|0.912|0.999|0.980|0.944|
[24-07-18 03:13:40-INFO] ACC: 0.962, TIME: 62.2s
[24-07-18 03:13:40-INFO] 
|dataset | ACC | SEN | SPE | PRE | F1  |
|  VAL   |0.962|0.842|0.994|0.838|0.823|
[24-07-18 03:16:14-INFO] 

EPOCH: 170, LOSS : 1.047, LR: 1.22e-05
[24-07-18 03:16:14-INFO] ACC: 0.989, TIME: 154.3s
[24-07-18 03:16:14-INFO] 
|dataset | ACC | SEN | SPE | PRE | F1  |
| TRAIN  |0.989|0.925|0.999|0.986|0.951|
[24-07-18 03:17:17-INFO] ACC: 0.956, TIME: 62.4s
[24-07-18 03:17:17-INFO] 
|dataset | ACC | SEN | SPE | PRE | F1  |
|  VAL   |0.956|0.742|0.994|0.705|0.714|
[24-07-18 03:19:51-INFO] 

EPOCH: 171, LOSS : 1.043, LR: 1.06e-05
[24-07-18 03:19:51-INFO] ACC: 0.990, TIME: 154.3s
[24-07-18 03:19:51-INFO] 
|dataset | ACC | SEN | SPE | PRE | F1  |
| TRAIN  |0.990|0.954|0.999|0.987|0.969|
[24-07-18 03:20:54-INFO] ACC: 0.956, TIME: 62.4s
[24-07-18 03:20:54-INFO] 
|dataset | ACC | SEN | SPE | PRE | F1  |
|  VAL   |0.956|0.742|0.994|0.705|0.714|
[24-07-18 03:23:28-INFO] 

EPOCH: 172, LOSS : 1.047, LR: 9.14e-06
[24-07-18 03:23:28-INFO] ACC: 0.989, TIME: 154.4s
[24-07-18 03:23:28-INFO] 
|dataset | ACC | SEN | SPE | PRE | F1  |
| TRAIN  |0.989|0.950|0.999|0.990|0.969|
[24-07-18 03:24:30-INFO] ACC: 0.967, TIME: 62.4s
[24-07-18 03:24:30-INFO] 
|dataset | ACC | SEN | SPE | PRE | F1  |
|  VAL   |0.967|0.844|0.995|0.841|0.826|
[24-07-18 03:27:05-INFO] 

EPOCH: 173, LOSS : 1.045, LR: 7.85e-06
[24-07-18 03:27:05-INFO] ACC: 0.990, TIME: 154.8s
[24-07-18 03:27:05-INFO] 
|dataset | ACC | SEN | SPE | PRE | F1  |
| TRAIN  |0.990|0.935|0.999|0.981|0.957|
[24-07-18 03:28:08-INFO] ACC: 0.967, TIME: 62.6s
[24-07-18 03:28:08-INFO] 
|dataset | ACC | SEN | SPE | PRE | F1  |
|  VAL   |0.967|0.844|0.995|0.841|0.826|
[24-07-18 03:30:42-INFO] 

EPOCH: 174, LOSS : 1.046, LR: 6.72e-06
[24-07-18 03:30:42-INFO] ACC: 0.989, TIME: 154.5s
[24-07-18 03:30:42-INFO] 
|dataset | ACC | SEN | SPE | PRE | F1  |
| TRAIN  |0.989|0.942|0.999|0.988|0.963|
[24-07-18 03:31:44-INFO] ACC: 0.962, TIME: 62.2s
[24-07-18 03:31:44-INFO] 
|dataset | ACC | SEN | SPE | PRE | F1  |
|  VAL   |0.962|0.842|0.994|0.838|0.823|
[24-07-18 03:34:19-INFO] 

EPOCH: 175, LOSS : 1.045, LR: 5.73e-06
[24-07-18 03:34:19-INFO] ACC: 0.989, TIME: 154.6s
[24-07-18 03:34:19-INFO] 
|dataset | ACC | SEN | SPE | PRE | F1  |
| TRAIN  |0.989|0.928|0.999|0.985|0.955|
[24-07-18 03:35:21-INFO] ACC: 0.967, TIME: 62.3s
[24-07-18 03:35:21-INFO] 
|dataset | ACC | SEN | SPE | PRE | F1  |
|  VAL   |0.967|0.844|0.995|0.841|0.826|
[24-07-18 03:37:56-INFO] 

EPOCH: 176, LOSS : 1.046, LR: 4.90e-06
[24-07-18 03:37:56-INFO] ACC: 0.990, TIME: 154.4s
[24-07-18 03:37:56-INFO] 
|dataset | ACC | SEN | SPE | PRE | F1  |
| TRAIN  |0.990|0.958|0.999|0.988|0.972|
[24-07-18 03:38:58-INFO] ACC: 0.962, TIME: 62.3s
[24-07-18 03:38:58-INFO] 
|dataset | ACC | SEN | SPE | PRE | F1  |
|  VAL   |0.962|0.842|0.994|0.838|0.823|
[24-07-18 03:41:32-INFO] 

EPOCH: 177, LOSS : 1.044, LR: 4.21e-06
[24-07-18 03:41:32-INFO] ACC: 0.989, TIME: 154.3s
[24-07-18 03:41:32-INFO] 
|dataset | ACC | SEN | SPE | PRE | F1  |
| TRAIN  |0.989|0.960|0.999|0.987|0.973|
[24-07-18 03:42:35-INFO] ACC: 0.967, TIME: 62.2s
[24-07-18 03:42:35-INFO] 
|dataset | ACC | SEN | SPE | PRE | F1  |
|  VAL   |0.967|0.844|0.995|0.841|0.826|
[24-07-18 03:45:09-INFO] 

EPOCH: 178, LOSS : 1.051, LR: 3.68e-06
[24-07-18 03:45:09-INFO] ACC: 0.988, TIME: 154.4s
[24-07-18 03:45:09-INFO] 
|dataset | ACC | SEN | SPE | PRE | F1  |
| TRAIN  |0.988|0.936|0.999|0.983|0.958|
[24-07-18 03:46:11-INFO] ACC: 0.967, TIME: 62.4s
[24-07-18 03:46:11-INFO] 
|dataset | ACC | SEN | SPE | PRE | F1  |
|  VAL   |0.967|0.844|0.995|0.841|0.826|
[24-07-18 03:48:46-INFO] 

EPOCH: 179, LOSS : 1.046, LR: 3.30e-06
[24-07-18 03:48:46-INFO] ACC: 0.989, TIME: 154.6s
[24-07-18 03:48:46-INFO] 
|dataset | ACC | SEN | SPE | PRE | F1  |
| TRAIN  |0.989|0.936|0.999|0.982|0.957|
[24-07-18 03:49:48-INFO] ACC: 0.967, TIME: 62.4s
[24-07-18 03:49:48-INFO] 
|dataset | ACC | SEN | SPE | PRE | F1  |
|  VAL   |0.967|0.844|0.995|0.841|0.826|
[24-07-18 03:52:23-INFO] 

EPOCH: 180, LOSS : 1.045, LR: 3.08e-06
[24-07-18 03:52:23-INFO] ACC: 0.990, TIME: 154.7s
[24-07-18 03:52:23-INFO] 
|dataset | ACC | SEN | SPE | PRE | F1  |
| TRAIN  |0.990|0.928|0.999|0.980|0.950|
[24-07-18 03:53:25-INFO] ACC: 0.967, TIME: 62.4s
[24-07-18 03:53:25-INFO] 
|dataset | ACC | SEN | SPE | PRE | F1  |
|  VAL   |0.967|0.844|0.995|0.841|0.826|
